<?xml version="1.0" encoding="UTF-8"?>
<coverage generated="1704362759893" clover="3.2.0">
  <project timestamp="1704362759893" name="All files">
    <metrics statements="275" coveredstatements="275" conditionals="77" coveredconditionals="74" methods="14" coveredmethods="14" elements="366" coveredelements="363" complexity="0" loc="275" ncloc="275" packages="1" files="1" classes="1"/>
    <file name="index.ts" path="/Users/rafael/personal/games/packages/othello/src/index.ts">
      <metrics statements="275" coveredstatements="275" conditionals="77" coveredconditionals="74" methods="14" coveredmethods="14"/>
      <line num="1" count="1" type="stmt"/>
      <line num="2" count="1" type="stmt"/>
      <line num="3" count="1" type="stmt"/>
      <line num="4" count="1" type="stmt"/>
      <line num="5" count="1" type="stmt"/>
      <line num="6" count="1" type="stmt"/>
      <line num="7" count="1" type="stmt"/>
      <line num="8" count="1" type="stmt"/>
      <line num="9" count="1" type="stmt"/>
      <line num="10" count="1" type="stmt"/>
      <line num="11" count="1" type="stmt"/>
      <line num="12" count="1" type="stmt"/>
      <line num="13" count="1" type="stmt"/>
      <line num="14" count="1" type="stmt"/>
      <line num="15" count="1" type="cond" truecount="1" falsecount="0"/>
      <line num="16" count="11" type="stmt"/>
      <line num="17" count="11" type="stmt"/>
      <line num="18" count="11" type="stmt"/>
      <line num="19" count="11" type="stmt"/>
      <line num="20" count="11" type="stmt"/>
      <line num="21" count="11" type="stmt"/>
      <line num="22" count="11" type="stmt"/>
      <line num="23" count="11" type="stmt"/>
      <line num="24" count="11" type="stmt"/>
      <line num="25" count="11" type="stmt"/>
      <line num="26" count="1" type="stmt"/>
      <line num="27" count="1" type="stmt"/>
      <line num="28" count="1" type="stmt"/>
      <line num="29" count="1" type="stmt"/>
      <line num="30" count="1" type="stmt"/>
      <line num="31" count="1" type="stmt"/>
      <line num="32" count="1" type="cond" truecount="1" falsecount="0"/>
      <line num="33" count="10" type="cond" truecount="2" falsecount="0"/>
      <line num="34" count="10" type="stmt"/>
      <line num="35" count="1" type="stmt"/>
      <line num="36" count="1" type="cond" truecount="1" falsecount="0"/>
      <line num="37" count="14" type="stmt"/>
      <line num="38" count="14" type="stmt"/>
      <line num="39" count="14" type="stmt"/>
      <line num="40" count="14" type="stmt"/>
      <line num="41" count="14" type="stmt"/>
      <line num="42" count="1" type="stmt"/>
      <line num="43" count="1" type="cond" truecount="1" falsecount="0"/>
      <line num="44" count="12" type="stmt"/>
      <line num="45" count="12" type="stmt"/>
      <line num="46" count="12" type="cond" truecount="2" falsecount="0"/>
      <line num="47" count="12" type="cond" truecount="2" falsecount="0"/>
      <line num="48" count="5" type="stmt"/>
      <line num="49" count="5" type="stmt"/>
      <line num="50" count="5" type="stmt"/>
      <line num="51" count="12" type="cond" truecount="1" falsecount="0"/>
      <line num="52" count="7" type="stmt"/>
      <line num="53" count="7" type="stmt"/>
      <line num="54" count="12" type="stmt"/>
      <line num="55" count="12" type="stmt"/>
      <line num="56" count="12" type="stmt"/>
      <line num="57" count="12" type="cond" truecount="1" falsecount="0"/>
      <line num="58" count="3" type="stmt"/>
      <line num="59" count="3" type="stmt"/>
      <line num="60" count="3" type="stmt"/>
      <line num="61" count="3" type="stmt"/>
      <line num="62" count="3" type="cond" truecount="1" falsecount="0"/>
      <line num="63" count="3" type="cond" truecount="1" falsecount="0"/>
      <line num="64" count="2" type="stmt"/>
      <line num="65" count="2" type="stmt"/>
      <line num="66" count="2" type="stmt"/>
      <line num="67" count="2" type="stmt"/>
      <line num="68" count="2" type="stmt"/>
      <line num="69" count="2" type="stmt"/>
      <line num="70" count="3" type="stmt"/>
      <line num="71" count="12" type="stmt"/>
      <line num="72" count="12" type="cond" truecount="1" falsecount="0"/>
      <line num="73" count="12" type="stmt"/>
      <line num="74" count="1" type="stmt"/>
      <line num="75" count="1" type="cond" truecount="1" falsecount="0"/>
      <line num="76" count="5" type="cond" truecount="0" falsecount="1"/>
      <line num="77" count="5" type="cond" truecount="0" falsecount="1"/>
      <line num="78" count="5" type="stmt"/>
      <line num="79" count="5" type="stmt"/>
      <line num="80" count="1" type="stmt"/>
      <line num="81" count="1" type="cond" truecount="1" falsecount="0"/>
      <line num="82" count="31" type="stmt"/>
      <line num="83" count="31" type="cond" truecount="1" falsecount="0"/>
      <line num="84" count="248" type="cond" truecount="1" falsecount="0"/>
      <line num="85" count="1984" type="stmt"/>
      <line num="86" count="1984" type="stmt"/>
      <line num="87" count="1984" type="stmt"/>
      <line num="88" count="1984" type="stmt"/>
      <line num="89" count="1984" type="stmt"/>
      <line num="90" count="1984" type="stmt"/>
      <line num="91" count="1984" type="stmt"/>
      <line num="92" count="1984" type="cond" truecount="1" falsecount="0"/>
      <line num="93" count="1984" type="stmt"/>
      <line num="94" count="248" type="stmt"/>
      <line num="95" count="31" type="stmt"/>
      <line num="96" count="31" type="stmt"/>
      <line num="97" count="31" type="stmt"/>
      <line num="98" count="1" type="cond" truecount="1" falsecount="0"/>
      <line num="99" count="1" type="stmt"/>
      <line num="100" count="1" type="cond" truecount="1" falsecount="0"/>
      <line num="101" count="1" type="stmt"/>
      <line num="102" count="1" type="stmt"/>
      <line num="103" count="1" type="stmt"/>
      <line num="104" count="1" type="stmt"/>
      <line num="105" count="1" type="stmt"/>
      <line num="106" count="1" type="stmt"/>
      <line num="107" count="1" type="stmt"/>
      <line num="108" count="1" type="stmt"/>
      <line num="109" count="1" type="stmt"/>
      <line num="110" count="1" type="stmt"/>
      <line num="111" count="1" type="stmt"/>
      <line num="112" count="1" type="stmt"/>
      <line num="113" count="1" type="stmt"/>
      <line num="114" count="1" type="stmt"/>
      <line num="115" count="1" type="stmt"/>
      <line num="116" count="1" type="stmt"/>
      <line num="117" count="1" type="stmt"/>
      <line num="118" count="1" type="stmt"/>
      <line num="119" count="1" type="stmt"/>
      <line num="120" count="1" type="stmt"/>
      <line num="121" count="1" type="stmt"/>
      <line num="122" count="1" type="stmt"/>
      <line num="123" count="1" type="stmt"/>
      <line num="124" count="1" type="stmt"/>
      <line num="125" count="1" type="stmt"/>
      <line num="126" count="1" type="stmt"/>
      <line num="127" count="1" type="stmt"/>
      <line num="128" count="1" type="stmt"/>
      <line num="129" count="1" type="stmt"/>
      <line num="130" count="1" type="stmt"/>
      <line num="131" count="1" type="stmt"/>
      <line num="132" count="1" type="stmt"/>
      <line num="133" count="1" type="stmt"/>
      <line num="134" count="1" type="stmt"/>
      <line num="135" count="1" type="stmt"/>
      <line num="136" count="1" type="stmt"/>
      <line num="137" count="1" type="stmt"/>
      <line num="138" count="1" type="stmt"/>
      <line num="139" count="1" type="stmt"/>
      <line num="140" count="1" type="stmt"/>
      <line num="141" count="1" type="stmt"/>
      <line num="142" count="1" type="stmt"/>
      <line num="143" count="1" type="stmt"/>
      <line num="144" count="1" type="stmt"/>
      <line num="145" count="1" type="stmt"/>
      <line num="146" count="1" type="stmt"/>
      <line num="147" count="1" type="stmt"/>
      <line num="148" count="1" type="stmt"/>
      <line num="149" count="1" type="stmt"/>
      <line num="150" count="1" type="stmt"/>
      <line num="151" count="1" type="stmt"/>
      <line num="152" count="1" type="stmt"/>
      <line num="153" count="1" type="stmt"/>
      <line num="154" count="1" type="stmt"/>
      <line num="155" count="1" type="stmt"/>
      <line num="156" count="1" type="stmt"/>
      <line num="157" count="1" type="stmt"/>
      <line num="158" count="1" type="stmt"/>
      <line num="159" count="1" type="stmt"/>
      <line num="160" count="1" type="stmt"/>
      <line num="161" count="1" type="stmt"/>
      <line num="162" count="1" type="stmt"/>
      <line num="163" count="1" type="cond" truecount="1" falsecount="0"/>
      <line num="164" count="2" type="stmt"/>
      <line num="165" count="2" type="cond" truecount="1" falsecount="0"/>
      <line num="166" count="28" type="stmt"/>
      <line num="167" count="2" type="stmt"/>
      <line num="168" count="2" type="stmt"/>
      <line num="169" count="1" type="stmt"/>
      <line num="170" count="1" type="stmt"/>
      <line num="171" count="1" type="stmt"/>
      <line num="172" count="1" type="stmt"/>
      <line num="173" count="1" type="cond" truecount="1" falsecount="0"/>
      <line num="174" count="7936" type="stmt"/>
      <line num="175" count="7936" type="stmt"/>
      <line num="176" count="7936" type="stmt"/>
      <line num="177" count="7936" type="stmt"/>
      <line num="178" count="7936" type="stmt"/>
      <line num="179" count="7936" type="stmt"/>
      <line num="180" count="7936" type="stmt"/>
      <line num="181" count="7936" type="cond" truecount="4" falsecount="0"/>
      <line num="182" count="6510" type="stmt"/>
      <line num="183" count="6510" type="cond" truecount="2" falsecount="0"/>
      <line num="184" count="260" type="stmt"/>
      <line num="185" count="260" type="stmt"/>
      <line num="186" count="260" type="stmt"/>
      <line num="187" count="260" type="stmt"/>
      <line num="188" count="6510" type="cond" truecount="3" falsecount="0"/>
      <line num="189" count="293" type="stmt"/>
      <line num="190" count="293" type="stmt"/>
      <line num="191" count="293" type="stmt"/>
      <line num="192" count="293" type="stmt"/>
      <line num="193" count="293" type="stmt"/>
      <line num="194" count="6510" type="stmt"/>
      <line num="195" count="7936" type="stmt"/>
      <line num="196" count="7936" type="stmt"/>
      <line num="197" count="1" type="stmt"/>
      <line num="198" count="1" type="cond" truecount="1" falsecount="0"/>
      <line num="199" count="29" type="cond" truecount="1" falsecount="0"/>
      <line num="200" count="282" type="stmt"/>
      <line num="201" count="29" type="stmt"/>
      <line num="202" count="29" type="cond" truecount="2" falsecount="0"/>
      <line num="203" count="24" type="stmt"/>
      <line num="204" count="24" type="stmt"/>
      <line num="205" count="1" type="stmt"/>
      <line num="206" count="1" type="stmt"/>
      <line num="207" count="1" type="stmt"/>
      <line num="208" count="1" type="stmt"/>
      <line num="209" count="1" type="stmt"/>
      <line num="210" count="1" type="stmt"/>
      <line num="211" count="1" type="stmt"/>
      <line num="212" count="1" type="stmt"/>
      <line num="213" count="1" type="stmt"/>
      <line num="214" count="1" type="stmt"/>
      <line num="215" count="1" type="stmt"/>
      <line num="216" count="1" type="stmt"/>
      <line num="217" count="1" type="cond" truecount="1" falsecount="0"/>
      <line num="218" count="282" type="cond" truecount="1" falsecount="0"/>
      <line num="219" count="1788" type="stmt"/>
      <line num="220" count="1788" type="cond" truecount="1" falsecount="0"/>
      <line num="221" count="1788" type="cond" truecount="1" falsecount="0"/>
      <line num="222" count="195" type="stmt"/>
      <line num="223" count="195" type="stmt"/>
      <line num="224" count="1" type="stmt"/>
      <line num="225" count="1" type="cond" truecount="1" falsecount="0"/>
      <line num="226" count="5" type="cond" truecount="1" falsecount="0"/>
      <line num="227" count="40" type="stmt"/>
      <line num="228" count="40" type="cond" truecount="2" falsecount="0"/>
      <line num="229" count="5" type="stmt"/>
      <line num="230" count="5" type="stmt"/>
      <line num="231" count="1" type="stmt"/>
      <line num="232" count="1" type="cond" truecount="1" falsecount="0"/>
      <line num="233" count="2195" type="stmt"/>
      <line num="234" count="2195" type="stmt"/>
      <line num="235" count="2195" type="stmt"/>
      <line num="236" count="2195" type="stmt"/>
      <line num="237" count="2195" type="stmt"/>
      <line num="238" count="2195" type="stmt"/>
      <line num="239" count="2195" type="stmt"/>
      <line num="240" count="2195" type="stmt"/>
      <line num="241" count="2195" type="cond" truecount="5" falsecount="0"/>
      <line num="242" count="2152" type="cond" truecount="2" falsecount="0"/>
      <line num="243" count="2195" type="cond" truecount="3" falsecount="0"/>
      <line num="244" count="2195" type="cond" truecount="1" falsecount="0"/>
      <line num="245" count="367" type="stmt"/>
      <line num="246" count="367" type="cond" truecount="1" falsecount="0"/>
      <line num="247" count="367" type="cond" truecount="1" falsecount="0"/>
      <line num="248" count="628" type="stmt"/>
      <line num="249" count="628" type="cond" truecount="1" falsecount="0"/>
      <line num="250" count="214" type="cond" truecount="1" falsecount="0"/>
      <line num="251" count="206" type="stmt"/>
      <line num="252" count="2195" type="cond" truecount="1" falsecount="0"/>
      <line num="253" count="93" type="stmt"/>
      <line num="254" count="93" type="cond" truecount="1" falsecount="0"/>
      <line num="255" count="535" type="stmt"/>
      <line num="256" count="2195" type="cond" truecount="1" falsecount="0"/>
      <line num="257" count="2195" type="stmt"/>
      <line num="258" count="1" type="stmt"/>
      <line num="259" count="1" type="cond" truecount="1" falsecount="0"/>
      <line num="260" count="2" type="stmt"/>
      <line num="261" count="2" type="stmt"/>
      <line num="262" count="2" type="cond" truecount="1" falsecount="0"/>
      <line num="263" count="16" type="cond" truecount="1" falsecount="0"/>
      <line num="264" count="128" type="cond" truecount="1" falsecount="0"/>
      <line num="265" count="128" type="cond" truecount="1" falsecount="0"/>
      <line num="266" count="16" type="stmt"/>
      <line num="267" count="2" type="stmt"/>
      <line num="268" count="2" type="stmt"/>
      <line num="269" count="2" type="cond" truecount="2" falsecount="1"/>
      <line num="270" count="2" type="stmt"/>
      <line num="271" count="2" type="stmt"/>
      <line num="272" count="1" type="stmt"/>
      <line num="273" count="1" type="cond" truecount="1" falsecount="0"/>
      <line num="274" count="1" type="stmt"/>
      <line num="275" count="1" type="cond" truecount="1" falsecount="0"/>
    </file>
  </project>
</coverage>
