{"/Users/rafael/personal/games/packages/othello/src/index.ts": {"path":"/Users/rafael/personal/games/packages/othello/src/index.ts","all":false,"statementMap":{"0":{"start":{"line":1,"column":0},"end":{"line":1,"column":20}},"1":{"start":{"line":2,"column":0},"end":{"line":2,"column":0}},"2":{"start":{"line":3,"column":0},"end":{"line":3,"column":20}},"3":{"start":{"line":4,"column":0},"end":{"line":4,"column":12}},"4":{"start":{"line":5,"column":0},"end":{"line":5,"column":12}},"5":{"start":{"line":6,"column":0},"end":{"line":6,"column":2}},"6":{"start":{"line":7,"column":0},"end":{"line":7,"column":0}},"7":{"start":{"line":8,"column":0},"end":{"line":8,"column":31}},"8":{"start":{"line":9,"column":0},"end":{"line":9,"column":20}},"9":{"start":{"line":10,"column":0},"end":{"line":10,"column":21}},"10":{"start":{"line":11,"column":0},"end":{"line":11,"column":35}},"11":{"start":{"line":12,"column":0},"end":{"line":12,"column":14}},"12":{"start":{"line":13,"column":0},"end":{"line":13,"column":1}},"13":{"start":{"line":14,"column":0},"end":{"line":14,"column":0}},"14":{"start":{"line":15,"column":0},"end":{"line":15,"column":27}},"15":{"start":{"line":16,"column":0},"end":{"line":16,"column":29}},"16":{"start":{"line":17,"column":0},"end":{"line":17,"column":34}},"17":{"start":{"line":18,"column":0},"end":{"line":18,"column":34}},"18":{"start":{"line":19,"column":0},"end":{"line":19,"column":34}},"19":{"start":{"line":20,"column":0},"end":{"line":20,"column":34}},"20":{"start":{"line":21,"column":0},"end":{"line":21,"column":34}},"21":{"start":{"line":22,"column":0},"end":{"line":22,"column":34}},"22":{"start":{"line":23,"column":0},"end":{"line":23,"column":34}},"23":{"start":{"line":24,"column":0},"end":{"line":24,"column":34}},"24":{"start":{"line":25,"column":0},"end":{"line":25,"column":2}},"25":{"start":{"line":26,"column":0},"end":{"line":26,"column":0}},"26":{"start":{"line":27,"column":0},"end":{"line":27,"column":13}},"27":{"start":{"line":28,"column":0},"end":{"line":28,"column":21}},"28":{"start":{"line":29,"column":0},"end":{"line":29,"column":27}},"29":{"start":{"line":30,"column":0},"end":{"line":30,"column":37}},"30":{"start":{"line":31,"column":0},"end":{"line":31,"column":0}},"31":{"start":{"line":32,"column":0},"end":{"line":32,"column":28}},"32":{"start":{"line":33,"column":0},"end":{"line":33,"column":49}},"33":{"start":{"line":34,"column":0},"end":{"line":34,"column":2}},"34":{"start":{"line":35,"column":0},"end":{"line":35,"column":0}},"35":{"start":{"line":36,"column":0},"end":{"line":36,"column":69}},"36":{"start":{"line":37,"column":0},"end":{"line":37,"column":18}},"37":{"start":{"line":38,"column":0},"end":{"line":38,"column":17}},"38":{"start":{"line":39,"column":0},"end":{"line":39,"column":52}},"39":{"start":{"line":40,"column":0},"end":{"line":40,"column":55}},"40":{"start":{"line":41,"column":0},"end":{"line":41,"column":2}},"41":{"start":{"line":42,"column":0},"end":{"line":42,"column":0}},"42":{"start":{"line":43,"column":0},"end":{"line":43,"column":80}},"43":{"start":{"line":44,"column":0},"end":{"line":44,"column":41}},"44":{"start":{"line":45,"column":0},"end":{"line":45,"column":7}},"45":{"start":{"line":46,"column":0},"end":{"line":46,"column":120}},"46":{"start":{"line":47,"column":0},"end":{"line":47,"column":50}},"47":{"start":{"line":48,"column":0},"end":{"line":48,"column":32}},"48":{"start":{"line":49,"column":0},"end":{"line":49,"column":26}},"49":{"start":{"line":50,"column":0},"end":{"line":50,"column":19}},"50":{"start":{"line":51,"column":0},"end":{"line":51,"column":15}},"51":{"start":{"line":52,"column":0},"end":{"line":52,"column":62}},"52":{"start":{"line":53,"column":0},"end":{"line":53,"column":3}},"53":{"start":{"line":54,"column":0},"end":{"line":54,"column":55}},"54":{"start":{"line":55,"column":0},"end":{"line":55,"column":7}},"55":{"start":{"line":56,"column":0},"end":{"line":56,"column":54}},"56":{"start":{"line":57,"column":0},"end":{"line":57,"column":15}},"57":{"start":{"line":58,"column":0},"end":{"line":58,"column":68}},"58":{"start":{"line":59,"column":0},"end":{"line":59,"column":19}},"59":{"start":{"line":60,"column":0},"end":{"line":60,"column":9}},"60":{"start":{"line":61,"column":0},"end":{"line":61,"column":56}},"61":{"start":{"line":62,"column":0},"end":{"line":62,"column":64}},"62":{"start":{"line":63,"column":0},"end":{"line":63,"column":17}},"63":{"start":{"line":64,"column":0},"end":{"line":64,"column":83}},"64":{"start":{"line":65,"column":0},"end":{"line":65,"column":21}},"65":{"start":{"line":66,"column":0},"end":{"line":66,"column":29}},"66":{"start":{"line":67,"column":0},"end":{"line":67,"column":34}},"67":{"start":{"line":68,"column":0},"end":{"line":68,"column":56}},"68":{"start":{"line":69,"column":0},"end":{"line":69,"column":5}},"69":{"start":{"line":70,"column":0},"end":{"line":70,"column":3}},"70":{"start":{"line":71,"column":0},"end":{"line":71,"column":0}},"71":{"start":{"line":72,"column":0},"end":{"line":72,"column":50}},"72":{"start":{"line":73,"column":0},"end":{"line":73,"column":2}},"73":{"start":{"line":74,"column":0},"end":{"line":74,"column":0}},"74":{"start":{"line":75,"column":0},"end":{"line":75,"column":66}},"75":{"start":{"line":76,"column":0},"end":{"line":76,"column":113}},"76":{"start":{"line":77,"column":0},"end":{"line":77,"column":93}},"77":{"start":{"line":78,"column":0},"end":{"line":78,"column":22}},"78":{"start":{"line":79,"column":0},"end":{"line":79,"column":2}},"79":{"start":{"line":80,"column":0},"end":{"line":80,"column":0}},"80":{"start":{"line":81,"column":0},"end":{"line":81,"column":74}},"81":{"start":{"line":82,"column":0},"end":{"line":82,"column":52}},"82":{"start":{"line":83,"column":0},"end":{"line":83,"column":33}},"83":{"start":{"line":84,"column":0},"end":{"line":84,"column":34}},"84":{"start":{"line":85,"column":0},"end":{"line":85,"column":42}},"85":{"start":{"line":86,"column":0},"end":{"line":86,"column":49}},"86":{"start":{"line":87,"column":0},"end":{"line":87,"column":49}},"87":{"start":{"line":88,"column":0},"end":{"line":88,"column":57}},"88":{"start":{"line":89,"column":0},"end":{"line":89,"column":56}},"89":{"start":{"line":90,"column":0},"end":{"line":90,"column":8}},"90":{"start":{"line":91,"column":0},"end":{"line":91,"column":41}},"91":{"start":{"line":92,"column":0},"end":{"line":92,"column":108}},"92":{"start":{"line":93,"column":0},"end":{"line":93,"column":8}},"93":{"start":{"line":94,"column":0},"end":{"line":94,"column":7}},"94":{"start":{"line":95,"column":0},"end":{"line":95,"column":5}},"95":{"start":{"line":96,"column":0},"end":{"line":96,"column":38}},"96":{"start":{"line":97,"column":0},"end":{"line":97,"column":2}},"97":{"start":{"line":98,"column":0},"end":{"line":98,"column":25}},"98":{"start":{"line":99,"column":0},"end":{"line":99,"column":60}},"99":{"start":{"line":100,"column":0},"end":{"line":100,"column":52}},"100":{"start":{"line":101,"column":0},"end":{"line":101,"column":43}},"101":{"start":{"line":102,"column":0},"end":{"line":102,"column":0}},"102":{"start":{"line":103,"column":0},"end":{"line":103,"column":23}},"103":{"start":{"line":104,"column":0},"end":{"line":104,"column":7}},"104":{"start":{"line":105,"column":0},"end":{"line":105,"column":19}},"105":{"start":{"line":106,"column":0},"end":{"line":106,"column":37}},"106":{"start":{"line":107,"column":0},"end":{"line":107,"column":42}},"107":{"start":{"line":108,"column":0},"end":{"line":108,"column":42}},"108":{"start":{"line":109,"column":0},"end":{"line":109,"column":42}},"109":{"start":{"line":110,"column":0},"end":{"line":110,"column":42}},"110":{"start":{"line":111,"column":0},"end":{"line":111,"column":42}},"111":{"start":{"line":112,"column":0},"end":{"line":112,"column":42}},"112":{"start":{"line":113,"column":0},"end":{"line":113,"column":42}},"113":{"start":{"line":114,"column":0},"end":{"line":114,"column":42}},"114":{"start":{"line":115,"column":0},"end":{"line":115,"column":10}},"115":{"start":{"line":116,"column":0},"end":{"line":116,"column":30}},"116":{"start":{"line":117,"column":0},"end":{"line":117,"column":25}},"117":{"start":{"line":118,"column":0},"end":{"line":118,"column":25}},"118":{"start":{"line":119,"column":0},"end":{"line":119,"column":25}},"119":{"start":{"line":120,"column":0},"end":{"line":120,"column":25}},"120":{"start":{"line":121,"column":0},"end":{"line":121,"column":25}},"121":{"start":{"line":122,"column":0},"end":{"line":122,"column":25}},"122":{"start":{"line":123,"column":0},"end":{"line":123,"column":25}},"123":{"start":{"line":124,"column":0},"end":{"line":124,"column":25}},"124":{"start":{"line":125,"column":0},"end":{"line":125,"column":25}},"125":{"start":{"line":126,"column":0},"end":{"line":126,"column":25}},"126":{"start":{"line":127,"column":0},"end":{"line":127,"column":25}},"127":{"start":{"line":128,"column":0},"end":{"line":128,"column":25}},"128":{"start":{"line":129,"column":0},"end":{"line":129,"column":10}},"129":{"start":{"line":130,"column":0},"end":{"line":130,"column":8}},"130":{"start":{"line":131,"column":0},"end":{"line":131,"column":7}},"131":{"start":{"line":132,"column":0},"end":{"line":132,"column":19}},"132":{"start":{"line":133,"column":0},"end":{"line":133,"column":37}},"133":{"start":{"line":134,"column":0},"end":{"line":134,"column":42}},"134":{"start":{"line":135,"column":0},"end":{"line":135,"column":42}},"135":{"start":{"line":136,"column":0},"end":{"line":136,"column":42}},"136":{"start":{"line":137,"column":0},"end":{"line":137,"column":42}},"137":{"start":{"line":138,"column":0},"end":{"line":138,"column":42}},"138":{"start":{"line":139,"column":0},"end":{"line":139,"column":42}},"139":{"start":{"line":140,"column":0},"end":{"line":140,"column":42}},"140":{"start":{"line":141,"column":0},"end":{"line":141,"column":42}},"141":{"start":{"line":142,"column":0},"end":{"line":142,"column":10}},"142":{"start":{"line":143,"column":0},"end":{"line":143,"column":30}},"143":{"start":{"line":144,"column":0},"end":{"line":144,"column":25}},"144":{"start":{"line":145,"column":0},"end":{"line":145,"column":25}},"145":{"start":{"line":146,"column":0},"end":{"line":146,"column":25}},"146":{"start":{"line":147,"column":0},"end":{"line":147,"column":25}},"147":{"start":{"line":148,"column":0},"end":{"line":148,"column":25}},"148":{"start":{"line":149,"column":0},"end":{"line":149,"column":25}},"149":{"start":{"line":150,"column":0},"end":{"line":150,"column":25}},"150":{"start":{"line":151,"column":0},"end":{"line":151,"column":25}},"151":{"start":{"line":152,"column":0},"end":{"line":152,"column":25}},"152":{"start":{"line":153,"column":0},"end":{"line":153,"column":25}},"153":{"start":{"line":154,"column":0},"end":{"line":154,"column":25}},"154":{"start":{"line":155,"column":0},"end":{"line":155,"column":25}},"155":{"start":{"line":156,"column":0},"end":{"line":156,"column":25}},"156":{"start":{"line":157,"column":0},"end":{"line":157,"column":25}},"157":{"start":{"line":158,"column":0},"end":{"line":158,"column":25}},"158":{"start":{"line":159,"column":0},"end":{"line":159,"column":25}},"159":{"start":{"line":160,"column":0},"end":{"line":160,"column":10}},"160":{"start":{"line":161,"column":0},"end":{"line":161,"column":8}},"161":{"start":{"line":162,"column":0},"end":{"line":162,"column":6}},"162":{"start":{"line":163,"column":0},"end":{"line":163,"column":94}},"163":{"start":{"line":164,"column":0},"end":{"line":164,"column":39}},"164":{"start":{"line":165,"column":0},"end":{"line":165,"column":43}},"165":{"start":{"line":166,"column":0},"end":{"line":166,"column":63}},"166":{"start":{"line":167,"column":0},"end":{"line":167,"column":9}},"167":{"start":{"line":168,"column":0},"end":{"line":168,"column":66}},"168":{"start":{"line":169,"column":0},"end":{"line":169,"column":7}},"169":{"start":{"line":170,"column":0},"end":{"line":170,"column":5}},"170":{"start":{"line":171,"column":0},"end":{"line":171,"column":1}},"171":{"start":{"line":172,"column":0},"end":{"line":172,"column":0}},"172":{"start":{"line":173,"column":0},"end":{"line":173,"column":22}},"173":{"start":{"line":174,"column":0},"end":{"line":174,"column":19}},"174":{"start":{"line":175,"column":0},"end":{"line":175,"column":27}},"175":{"start":{"line":176,"column":0},"end":{"line":176,"column":34}},"176":{"start":{"line":177,"column":0},"end":{"line":177,"column":35}},"177":{"start":{"line":178,"column":0},"end":{"line":178,"column":47}},"178":{"start":{"line":179,"column":0},"end":{"line":179,"column":6}},"179":{"start":{"line":180,"column":0},"end":{"line":180,"column":39}},"180":{"start":{"line":181,"column":0},"end":{"line":181,"column":43}},"181":{"start":{"line":182,"column":0},"end":{"line":182,"column":37}},"182":{"start":{"line":183,"column":0},"end":{"line":183,"column":56}},"183":{"start":{"line":184,"column":0},"end":{"line":184,"column":25}},"184":{"start":{"line":185,"column":0},"end":{"line":185,"column":31}},"185":{"start":{"line":186,"column":0},"end":{"line":186,"column":84}},"186":{"start":{"line":187,"column":0},"end":{"line":187,"column":95}},"187":{"start":{"line":188,"column":0},"end":{"line":188,"column":63}},"188":{"start":{"line":189,"column":0},"end":{"line":189,"column":33}},"189":{"start":{"line":190,"column":0},"end":{"line":190,"column":27}},"190":{"start":{"line":191,"column":0},"end":{"line":191,"column":40}},"191":{"start":{"line":192,"column":0},"end":{"line":192,"column":95}},"192":{"start":{"line":193,"column":0},"end":{"line":193,"column":5}},"193":{"start":{"line":194,"column":0},"end":{"line":194,"column":3}},"194":{"start":{"line":195,"column":0},"end":{"line":195,"column":29}},"195":{"start":{"line":196,"column":0},"end":{"line":196,"column":2}},"196":{"start":{"line":197,"column":0},"end":{"line":197,"column":0}},"197":{"start":{"line":198,"column":0},"end":{"line":198,"column":47}},"198":{"start":{"line":199,"column":0},"end":{"line":199,"column":93}},"199":{"start":{"line":200,"column":0},"end":{"line":200,"column":38}},"200":{"start":{"line":201,"column":0},"end":{"line":201,"column":4}},"201":{"start":{"line":202,"column":0},"end":{"line":202,"column":77}},"202":{"start":{"line":203,"column":0},"end":{"line":203,"column":31}},"203":{"start":{"line":204,"column":0},"end":{"line":204,"column":2}},"204":{"start":{"line":205,"column":0},"end":{"line":205,"column":0}},"205":{"start":{"line":206,"column":0},"end":{"line":206,"column":30}},"206":{"start":{"line":207,"column":0},"end":{"line":207,"column":27}},"207":{"start":{"line":208,"column":0},"end":{"line":208,"column":25}},"208":{"start":{"line":209,"column":0},"end":{"line":209,"column":27}},"209":{"start":{"line":210,"column":0},"end":{"line":210,"column":28}},"210":{"start":{"line":211,"column":0},"end":{"line":211,"column":33}},"211":{"start":{"line":212,"column":0},"end":{"line":212,"column":32}},"212":{"start":{"line":213,"column":0},"end":{"line":213,"column":31}},"213":{"start":{"line":214,"column":0},"end":{"line":214,"column":30}},"214":{"start":{"line":215,"column":0},"end":{"line":215,"column":2}},"215":{"start":{"line":216,"column":0},"end":{"line":216,"column":0}},"216":{"start":{"line":217,"column":0},"end":{"line":217,"column":66}},"217":{"start":{"line":218,"column":0},"end":{"line":218,"column":49}},"218":{"start":{"line":219,"column":0},"end":{"line":219,"column":98}},"219":{"start":{"line":220,"column":0},"end":{"line":220,"column":44}},"220":{"start":{"line":221,"column":0},"end":{"line":221,"column":3}},"221":{"start":{"line":222,"column":0},"end":{"line":222,"column":15}},"222":{"start":{"line":223,"column":0},"end":{"line":223,"column":2}},"223":{"start":{"line":224,"column":0},"end":{"line":224,"column":0}},"224":{"start":{"line":225,"column":0},"end":{"line":225,"column":56}},"225":{"start":{"line":226,"column":0},"end":{"line":226,"column":47}},"226":{"start":{"line":227,"column":0},"end":{"line":227,"column":83}},"227":{"start":{"line":228,"column":0},"end":{"line":228,"column":86}},"228":{"start":{"line":229,"column":0},"end":{"line":229,"column":5}},"229":{"start":{"line":230,"column":0},"end":{"line":230,"column":2}},"230":{"start":{"line":231,"column":0},"end":{"line":231,"column":0}},"231":{"start":{"line":232,"column":0},"end":{"line":232,"column":33}},"232":{"start":{"line":233,"column":0},"end":{"line":233,"column":26}},"233":{"start":{"line":234,"column":0},"end":{"line":234,"column":17}},"234":{"start":{"line":235,"column":0},"end":{"line":235,"column":28}},"235":{"start":{"line":236,"column":0},"end":{"line":236,"column":25}},"236":{"start":{"line":237,"column":0},"end":{"line":237,"column":37}},"237":{"start":{"line":238,"column":0},"end":{"line":238,"column":6}},"238":{"start":{"line":239,"column":0},"end":{"line":239,"column":88}},"239":{"start":{"line":240,"column":0},"end":{"line":240,"column":15}},"240":{"start":{"line":241,"column":0},"end":{"line":241,"column":63}},"241":{"start":{"line":242,"column":0},"end":{"line":242,"column":67}},"242":{"start":{"line":243,"column":0},"end":{"line":243,"column":131}},"243":{"start":{"line":244,"column":0},"end":{"line":244,"column":37}},"244":{"start":{"line":245,"column":0},"end":{"line":245,"column":89}},"245":{"start":{"line":246,"column":0},"end":{"line":246,"column":86}},"246":{"start":{"line":247,"column":0},"end":{"line":247,"column":3}},"247":{"start":{"line":248,"column":0},"end":{"line":248,"column":6}},"248":{"start":{"line":249,"column":0},"end":{"line":249,"column":96}},"249":{"start":{"line":250,"column":0},"end":{"line":250,"column":101}},"250":{"start":{"line":251,"column":0},"end":{"line":251,"column":67}},"251":{"start":{"line":252,"column":0},"end":{"line":252,"column":5}},"252":{"start":{"line":253,"column":0},"end":{"line":253,"column":54}},"253":{"start":{"line":254,"column":0},"end":{"line":254,"column":3}},"254":{"start":{"line":255,"column":0},"end":{"line":255,"column":0}},"255":{"start":{"line":256,"column":0},"end":{"line":256,"column":57}},"256":{"start":{"line":257,"column":0},"end":{"line":257,"column":2}},"257":{"start":{"line":258,"column":0},"end":{"line":258,"column":0}},"258":{"start":{"line":259,"column":0},"end":{"line":259,"column":26}},"259":{"start":{"line":260,"column":0},"end":{"line":260,"column":18}},"260":{"start":{"line":261,"column":0},"end":{"line":261,"column":18}},"261":{"start":{"line":262,"column":0},"end":{"line":262,"column":25}},"262":{"start":{"line":263,"column":0},"end":{"line":263,"column":27}},"263":{"start":{"line":264,"column":0},"end":{"line":264,"column":32}},"264":{"start":{"line":265,"column":0},"end":{"line":265,"column":32}},"265":{"start":{"line":266,"column":0},"end":{"line":266,"column":7}},"266":{"start":{"line":267,"column":0},"end":{"line":267,"column":5}},"267":{"start":{"line":268,"column":0},"end":{"line":268,"column":12}},"268":{"start":{"line":269,"column":0},"end":{"line":269,"column":92}},"269":{"start":{"line":270,"column":0},"end":{"line":270,"column":50}},"270":{"start":{"line":271,"column":0},"end":{"line":271,"column":2}},"271":{"start":{"line":272,"column":0},"end":{"line":272,"column":0}},"272":{"start":{"line":273,"column":0},"end":{"line":273,"column":114}},"273":{"start":{"line":274,"column":0},"end":{"line":274,"column":0}},"274":{"start":{"line":275,"column":0},"end":{"line":275,"column":101}}},"s":{"0":1,"1":1,"2":1,"3":1,"4":1,"5":1,"6":1,"7":1,"8":1,"9":1,"10":1,"11":1,"12":1,"13":1,"14":1,"15":11,"16":11,"17":11,"18":11,"19":11,"20":11,"21":11,"22":11,"23":11,"24":11,"25":1,"26":1,"27":1,"28":1,"29":1,"30":1,"31":1,"32":10,"33":10,"34":1,"35":1,"36":14,"37":14,"38":14,"39":14,"40":14,"41":1,"42":1,"43":12,"44":12,"45":12,"46":12,"47":5,"48":5,"49":5,"50":12,"51":7,"52":7,"53":12,"54":12,"55":12,"56":12,"57":3,"58":3,"59":3,"60":3,"61":3,"62":3,"63":2,"64":2,"65":2,"66":2,"67":2,"68":2,"69":3,"70":12,"71":12,"72":12,"73":1,"74":1,"75":5,"76":5,"77":5,"78":5,"79":1,"80":1,"81":31,"82":31,"83":248,"84":1984,"85":1984,"86":1984,"87":1984,"88":1984,"89":1984,"90":1984,"91":1984,"92":1984,"93":248,"94":31,"95":31,"96":31,"97":1,"98":1,"99":1,"100":1,"101":1,"102":1,"103":1,"104":1,"105":1,"106":1,"107":1,"108":1,"109":1,"110":1,"111":1,"112":1,"113":1,"114":1,"115":1,"116":1,"117":1,"118":1,"119":1,"120":1,"121":1,"122":1,"123":1,"124":1,"125":1,"126":1,"127":1,"128":1,"129":1,"130":1,"131":1,"132":1,"133":1,"134":1,"135":1,"136":1,"137":1,"138":1,"139":1,"140":1,"141":1,"142":1,"143":1,"144":1,"145":1,"146":1,"147":1,"148":1,"149":1,"150":1,"151":1,"152":1,"153":1,"154":1,"155":1,"156":1,"157":1,"158":1,"159":1,"160":1,"161":1,"162":1,"163":2,"164":2,"165":28,"166":2,"167":2,"168":1,"169":1,"170":1,"171":1,"172":1,"173":7936,"174":7936,"175":7936,"176":7936,"177":7936,"178":7936,"179":7936,"180":7936,"181":6510,"182":6510,"183":260,"184":260,"185":260,"186":260,"187":6510,"188":293,"189":293,"190":293,"191":293,"192":293,"193":6510,"194":7936,"195":7936,"196":1,"197":1,"198":29,"199":282,"200":29,"201":29,"202":24,"203":24,"204":1,"205":1,"206":1,"207":1,"208":1,"209":1,"210":1,"211":1,"212":1,"213":1,"214":1,"215":1,"216":1,"217":282,"218":1788,"219":1788,"220":1788,"221":195,"222":195,"223":1,"224":1,"225":5,"226":40,"227":40,"228":5,"229":5,"230":1,"231":1,"232":2195,"233":2195,"234":2195,"235":2195,"236":2195,"237":2195,"238":2195,"239":2195,"240":2195,"241":2152,"242":2195,"243":2195,"244":367,"245":367,"246":367,"247":628,"248":628,"249":214,"250":206,"251":2195,"252":93,"253":93,"254":535,"255":2195,"256":2195,"257":1,"258":1,"259":2,"260":2,"261":2,"262":16,"263":128,"264":128,"265":16,"266":2,"267":2,"268":2,"269":2,"270":2,"271":1,"272":1,"273":1,"274":1},"branchMap":{"0":{"type":"branch","line":98,"loc":{"start":{"line":98,"column":24},"end":{"line":171,"column":1}},"locations":[{"start":{"line":98,"column":24},"end":{"line":171,"column":1}}]},"1":{"type":"branch","line":15,"loc":{"start":{"line":15,"column":20},"end":{"line":25,"column":2}},"locations":[{"start":{"line":15,"column":20},"end":{"line":25,"column":2}}]},"2":{"type":"branch","line":32,"loc":{"start":{"line":32,"column":21},"end":{"line":34,"column":2}},"locations":[{"start":{"line":32,"column":21},"end":{"line":34,"column":2}}]},"3":{"type":"branch","line":33,"loc":{"start":{"line":33,"column":38},"end":{"line":33,"column":46}},"locations":[{"start":{"line":33,"column":38},"end":{"line":33,"column":46}}]},"4":{"type":"branch","line":33,"loc":{"start":{"line":33,"column":42},"end":{"line":33,"column":49}},"locations":[{"start":{"line":33,"column":42},"end":{"line":33,"column":49}}]},"5":{"type":"branch","line":36,"loc":{"start":{"line":36,"column":24},"end":{"line":41,"column":2}},"locations":[{"start":{"line":36,"column":24},"end":{"line":41,"column":2}}]},"6":{"type":"branch","line":43,"loc":{"start":{"line":43,"column":26},"end":{"line":73,"column":2}},"locations":[{"start":{"line":43,"column":26},"end":{"line":73,"column":2}}]},"7":{"type":"branch","line":47,"loc":{"start":{"line":47,"column":6},"end":{"line":47,"column":50}},"locations":[{"start":{"line":47,"column":6},"end":{"line":47,"column":50}}]},"8":{"type":"branch","line":47,"loc":{"start":{"line":47,"column":48},"end":{"line":51,"column":11}},"locations":[{"start":{"line":47,"column":48},"end":{"line":51,"column":11}}]},"9":{"type":"branch","line":51,"loc":{"start":{"line":51,"column":2},"end":{"line":53,"column":3}},"locations":[{"start":{"line":51,"column":2},"end":{"line":53,"column":3}}]},"10":{"type":"branch","line":57,"loc":{"start":{"line":57,"column":2},"end":{"line":70,"column":3}},"locations":[{"start":{"line":57,"column":2},"end":{"line":70,"column":3}}]},"11":{"type":"branch","line":62,"loc":{"start":{"line":62,"column":30},"end":{"line":62,"column":64}},"locations":[{"start":{"line":62,"column":30},"end":{"line":62,"column":64}}]},"12":{"type":"branch","line":63,"loc":{"start":{"line":63,"column":4},"end":{"line":69,"column":5}},"locations":[{"start":{"line":63,"column":4},"end":{"line":69,"column":5}}]},"13":{"type":"branch","line":72,"loc":{"start":{"line":72,"column":9},"end":{"line":72,"column":50}},"locations":[{"start":{"line":72,"column":9},"end":{"line":72,"column":50}}]},"14":{"type":"branch","line":46,"loc":{"start":{"line":46,"column":33},"end":{"line":46,"column":105}},"locations":[{"start":{"line":46,"column":33},"end":{"line":46,"column":105}}]},"15":{"type":"branch","line":46,"loc":{"start":{"line":46,"column":75},"end":{"line":46,"column":105}},"locations":[{"start":{"line":46,"column":75},"end":{"line":46,"column":105}}]},"16":{"type":"branch","line":75,"loc":{"start":{"line":75,"column":22},"end":{"line":79,"column":2}},"locations":[{"start":{"line":75,"column":22},"end":{"line":79,"column":2}}]},"17":{"type":"branch","line":76,"loc":{"start":{"line":76,"column":40},"end":{"line":76,"column":113}},"locations":[{"start":{"line":76,"column":40},"end":{"line":76,"column":113}}]},"18":{"type":"branch","line":77,"loc":{"start":{"line":77,"column":18},"end":{"line":77,"column":93}},"locations":[{"start":{"line":77,"column":18},"end":{"line":77,"column":93}}]},"19":{"type":"branch","line":81,"loc":{"start":{"line":81,"column":36},"end":{"line":97,"column":2}},"locations":[{"start":{"line":81,"column":36},"end":{"line":97,"column":2}}]},"20":{"type":"branch","line":83,"loc":{"start":{"line":83,"column":15},"end":{"line":95,"column":3}},"locations":[{"start":{"line":83,"column":15},"end":{"line":95,"column":3}}]},"21":{"type":"branch","line":84,"loc":{"start":{"line":84,"column":16},"end":{"line":94,"column":5}},"locations":[{"start":{"line":84,"column":16},"end":{"line":94,"column":5}}]},"22":{"type":"branch","line":92,"loc":{"start":{"line":92,"column":8},"end":{"line":92,"column":108}},"locations":[{"start":{"line":92,"column":8},"end":{"line":92,"column":108}}]},"23":{"type":"branch","line":100,"loc":{"start":{"line":100,"column":45},"end":{"line":170,"column":3}},"locations":[{"start":{"line":100,"column":45},"end":{"line":170,"column":3}}]},"24":{"type":"branch","line":163,"loc":{"start":{"line":163,"column":54},"end":{"line":169,"column":5}},"locations":[{"start":{"line":163,"column":54},"end":{"line":169,"column":5}}]},"25":{"type":"branch","line":165,"loc":{"start":{"line":165,"column":26},"end":{"line":167,"column":7}},"locations":[{"start":{"line":165,"column":26},"end":{"line":167,"column":7}}]},"26":{"type":"branch","line":173,"loc":{"start":{"line":173,"column":21},"end":{"line":196,"column":2}},"locations":[{"start":{"line":173,"column":21},"end":{"line":196,"column":2}}]},"27":{"type":"branch","line":181,"loc":{"start":{"line":181,"column":11},"end":{"line":181,"column":26}},"locations":[{"start":{"line":181,"column":11},"end":{"line":181,"column":26}}]},"28":{"type":"branch","line":181,"loc":{"start":{"line":181,"column":21},"end":{"line":181,"column":35}},"locations":[{"start":{"line":181,"column":21},"end":{"line":181,"column":35}}]},"29":{"type":"branch","line":181,"loc":{"start":{"line":181,"column":30},"end":{"line":181,"column":42}},"locations":[{"start":{"line":181,"column":30},"end":{"line":181,"column":42}}]},"30":{"type":"branch","line":181,"loc":{"start":{"line":181,"column":42},"end":{"line":194,"column":3}},"locations":[{"start":{"line":181,"column":42},"end":{"line":194,"column":3}}]},"31":{"type":"branch","line":183,"loc":{"start":{"line":183,"column":29},"end":{"line":183,"column":55}},"locations":[{"start":{"line":183,"column":29},"end":{"line":183,"column":55}}]},"32":{"type":"branch","line":183,"loc":{"start":{"line":183,"column":55},"end":{"line":188,"column":15}},"locations":[{"start":{"line":183,"column":55},"end":{"line":188,"column":15}}]},"33":{"type":"branch","line":188,"loc":{"start":{"line":188,"column":4},"end":{"line":193,"column":5}},"locations":[{"start":{"line":188,"column":4},"end":{"line":193,"column":5}}]},"34":{"type":"branch","line":188,"loc":{"start":{"line":188,"column":36},"end":{"line":188,"column":62}},"locations":[{"start":{"line":188,"column":36},"end":{"line":188,"column":62}}]},"35":{"type":"branch","line":188,"loc":{"start":{"line":188,"column":62},"end":{"line":193,"column":5}},"locations":[{"start":{"line":188,"column":62},"end":{"line":193,"column":5}}]},"36":{"type":"branch","line":198,"loc":{"start":{"line":198,"column":26},"end":{"line":204,"column":2}},"locations":[{"start":{"line":198,"column":26},"end":{"line":204,"column":2}}]},"37":{"type":"branch","line":202,"loc":{"start":{"line":202,"column":42},"end":{"line":202,"column":77}},"locations":[{"start":{"line":202,"column":42},"end":{"line":202,"column":77}}]},"38":{"type":"branch","line":202,"loc":{"start":{"line":202,"column":75},"end":{"line":204,"column":2}},"locations":[{"start":{"line":202,"column":75},"end":{"line":204,"column":2}}]},"39":{"type":"branch","line":199,"loc":{"start":{"line":199,"column":73},"end":{"line":200,"column":38}},"locations":[{"start":{"line":199,"column":73},"end":{"line":200,"column":38}}]},"40":{"type":"branch","line":217,"loc":{"start":{"line":217,"column":18},"end":{"line":223,"column":2}},"locations":[{"start":{"line":217,"column":18},"end":{"line":223,"column":2}}]},"41":{"type":"branch","line":218,"loc":{"start":{"line":218,"column":48},"end":{"line":221,"column":3}},"locations":[{"start":{"line":218,"column":48},"end":{"line":221,"column":3}}]},"42":{"type":"branch","line":220,"loc":{"start":{"line":220,"column":32},"end":{"line":220,"column":44}},"locations":[{"start":{"line":220,"column":32},"end":{"line":220,"column":44}}]},"43":{"type":"branch","line":221,"loc":{"start":{"line":221,"column":2},"end":{"line":223,"column":2}},"locations":[{"start":{"line":221,"column":2},"end":{"line":223,"column":2}}]},"44":{"type":"branch","line":225,"loc":{"start":{"line":225,"column":16},"end":{"line":230,"column":2}},"locations":[{"start":{"line":225,"column":16},"end":{"line":230,"column":2}}]},"45":{"type":"branch","line":226,"loc":{"start":{"line":226,"column":31},"end":{"line":229,"column":3}},"locations":[{"start":{"line":226,"column":31},"end":{"line":229,"column":3}}]},"46":{"type":"branch","line":228,"loc":{"start":{"line":228,"column":25},"end":{"line":228,"column":86}},"locations":[{"start":{"line":228,"column":25},"end":{"line":228,"column":86}}]},"47":{"type":"branch","line":228,"loc":{"start":{"line":228,"column":49},"end":{"line":228,"column":84}},"locations":[{"start":{"line":228,"column":49},"end":{"line":228,"column":84}}]},"48":{"type":"branch","line":232,"loc":{"start":{"line":232,"column":32},"end":{"line":257,"column":2}},"locations":[{"start":{"line":232,"column":32},"end":{"line":257,"column":2}}]},"49":{"type":"branch","line":241,"loc":{"start":{"line":241,"column":10},"end":{"line":241,"column":24}},"locations":[{"start":{"line":241,"column":10},"end":{"line":241,"column":24}}]},"50":{"type":"branch","line":241,"loc":{"start":{"line":241,"column":19},"end":{"line":241,"column":33}},"locations":[{"start":{"line":241,"column":19},"end":{"line":241,"column":33}}]},"51":{"type":"branch","line":241,"loc":{"start":{"line":241,"column":28},"end":{"line":241,"column":40}},"locations":[{"start":{"line":241,"column":28},"end":{"line":241,"column":40}}]},"52":{"type":"branch","line":241,"loc":{"start":{"line":241,"column":40},"end":{"line":241,"column":63}},"locations":[{"start":{"line":241,"column":40},"end":{"line":241,"column":63}}]},"53":{"type":"branch","line":241,"loc":{"start":{"line":241,"column":40},"end":{"line":242,"column":67}},"locations":[{"start":{"line":241,"column":40},"end":{"line":242,"column":67}}]},"54":{"type":"branch","line":242,"loc":{"start":{"line":242,"column":31},"end":{"line":242,"column":67}},"locations":[{"start":{"line":242,"column":31},"end":{"line":242,"column":67}}]},"55":{"type":"branch","line":242,"loc":{"start":{"line":242,"column":31},"end":{"line":243,"column":64}},"locations":[{"start":{"line":242,"column":31},"end":{"line":243,"column":64}}]},"56":{"type":"branch","line":243,"loc":{"start":{"line":243,"column":54},"end":{"line":243,"column":94}},"locations":[{"start":{"line":243,"column":54},"end":{"line":243,"column":94}}]},"57":{"type":"branch","line":243,"loc":{"start":{"line":243,"column":94},"end":{"line":243,"column":131}},"locations":[{"start":{"line":243,"column":94},"end":{"line":243,"column":131}}]},"58":{"type":"branch","line":243,"loc":{"start":{"line":243,"column":94},"end":{"line":244,"column":36}},"locations":[{"start":{"line":243,"column":94},"end":{"line":244,"column":36}}]},"59":{"type":"branch","line":244,"loc":{"start":{"line":244,"column":36},"end":{"line":247,"column":3}},"locations":[{"start":{"line":244,"column":36},"end":{"line":247,"column":3}}]},"60":{"type":"branch","line":246,"loc":{"start":{"line":246,"column":20},"end":{"line":246,"column":86}},"locations":[{"start":{"line":246,"column":20},"end":{"line":246,"column":86}}]},"61":{"type":"branch","line":247,"loc":{"start":{"line":247,"column":2},"end":{"line":249,"column":96}},"locations":[{"start":{"line":247,"column":2},"end":{"line":249,"column":96}}]},"62":{"type":"branch","line":249,"loc":{"start":{"line":249,"column":52},"end":{"line":250,"column":101}},"locations":[{"start":{"line":249,"column":52},"end":{"line":250,"column":101}}]},"63":{"type":"branch","line":250,"loc":{"start":{"line":250,"column":52},"end":{"line":251,"column":67}},"locations":[{"start":{"line":250,"column":52},"end":{"line":251,"column":67}}]},"64":{"type":"branch","line":252,"loc":{"start":{"line":252,"column":4},"end":{"line":254,"column":3}},"locations":[{"start":{"line":252,"column":4},"end":{"line":254,"column":3}}]},"65":{"type":"branch","line":254,"loc":{"start":{"line":254,"column":2},"end":{"line":256,"column":41}},"locations":[{"start":{"line":254,"column":2},"end":{"line":256,"column":41}}]},"66":{"type":"branch","line":256,"loc":{"start":{"line":256,"column":34},"end":{"line":256,"column":57}},"locations":[{"start":{"line":256,"column":34},"end":{"line":256,"column":57}}]},"67":{"type":"branch","line":259,"loc":{"start":{"line":259,"column":19},"end":{"line":271,"column":2}},"locations":[{"start":{"line":259,"column":19},"end":{"line":271,"column":2}}]},"68":{"type":"branch","line":269,"loc":{"start":{"line":269,"column":16},"end":{"line":269,"column":41}},"locations":[{"start":{"line":269,"column":16},"end":{"line":269,"column":41}}]},"69":{"type":"branch","line":269,"loc":{"start":{"line":269,"column":26},"end":{"line":269,"column":92}},"locations":[{"start":{"line":269,"column":26},"end":{"line":269,"column":92}}]},"70":{"type":"branch","line":269,"loc":{"start":{"line":269,"column":71},"end":{"line":269,"column":87}},"locations":[{"start":{"line":269,"column":71},"end":{"line":269,"column":87}}]},"71":{"type":"branch","line":262,"loc":{"start":{"line":262,"column":15},"end":{"line":267,"column":3}},"locations":[{"start":{"line":262,"column":15},"end":{"line":267,"column":3}}]},"72":{"type":"branch","line":263,"loc":{"start":{"line":263,"column":16},"end":{"line":266,"column":5}},"locations":[{"start":{"line":263,"column":16},"end":{"line":266,"column":5}}]},"73":{"type":"branch","line":264,"loc":{"start":{"line":264,"column":22},"end":{"line":264,"column":32}},"locations":[{"start":{"line":264,"column":22},"end":{"line":264,"column":32}}]},"74":{"type":"branch","line":265,"loc":{"start":{"line":265,"column":22},"end":{"line":265,"column":32}},"locations":[{"start":{"line":265,"column":22},"end":{"line":265,"column":32}}]},"75":{"type":"branch","line":273,"loc":{"start":{"line":273,"column":28},"end":{"line":273,"column":114}},"locations":[{"start":{"line":273,"column":28},"end":{"line":273,"column":114}}]},"76":{"type":"branch","line":275,"loc":{"start":{"line":275,"column":23},"end":{"line":275,"column":101}},"locations":[{"start":{"line":275,"column":23},"end":{"line":275,"column":101}}]}},"b":{"0":[1],"1":[11],"2":[10],"3":[6],"4":[4],"5":[14],"6":[12],"7":[7],"8":[5],"9":[7],"10":[3],"11":[1],"12":[2],"13":[2],"14":[40],"15":[9],"16":[5],"17":[0],"18":[0],"19":[31],"20":[248],"21":[1984],"22":[7936],"23":[1],"24":[2],"25":[28],"26":[7936],"27":[7688],"28":[7688],"29":[7192],"30":[6510],"31":[4614],"32":[260],"33":[6250],"34":[1896],"35":[293],"36":[29],"37":[5],"38":[24],"39":[282],"40":[282],"41":[1788],"42":[87],"43":[195],"44":[5],"45":[40],"46":[6],"47":[8],"48":[2195],"49":[2194],"50":[2177],"51":[2160],"52":[43],"53":[2152],"54":[1513],"55":[639],"56":[19],"57":[11],"58":[628],"59":[367],"60":[99],"61":[628],"62":[214],"63":[206],"64":[93],"65":[535],"66":[99],"67":[2],"68":[1],"69":[1],"70":[0],"71":[16],"72":[128],"73":[42],"74":[86],"75":[8],"76":[26]},"fnMap":{"0":{"name":"defaultGrid","decl":{"start":{"line":15,"column":20},"end":{"line":25,"column":2}},"loc":{"start":{"line":15,"column":20},"end":{"line":25,"column":2}},"line":15},"1":{"name":"togglePlayer","decl":{"start":{"line":32,"column":21},"end":{"line":34,"column":2}},"loc":{"start":{"line":32,"column":21},"end":{"line":34,"column":2}},"line":32},"2":{"name":"initGame","decl":{"start":{"line":36,"column":24},"end":{"line":41,"column":2}},"loc":{"start":{"line":36,"column":24},"end":{"line":41,"column":2}},"line":36},"3":{"name":"playerMove","decl":{"start":{"line":43,"column":26},"end":{"line":73,"column":2}},"loc":{"start":{"line":43,"column":26},"end":{"line":73,"column":2}},"line":43},"4":{"name":"setMoveToGrid","decl":{"start":{"line":75,"column":22},"end":{"line":79,"column":2}},"loc":{"start":{"line":75,"column":22},"end":{"line":79,"column":2}},"line":75},"5":{"name":"getEmptyAdjacentCoordinates","decl":{"start":{"line":81,"column":36},"end":{"line":97,"column":2}},"loc":{"start":{"line":81,"column":36},"end":{"line":97,"column":2}},"line":81},"6":{"name":"checkAndMark","decl":{"start":{"line":173,"column":21},"end":{"line":196,"column":2}},"loc":{"start":{"line":173,"column":21},"end":{"line":196,"column":2}},"line":173},"7":{"name":"getAvailableMoves","decl":{"start":{"line":198,"column":26},"end":{"line":204,"column":2}},"loc":{"start":{"line":198,"column":26},"end":{"line":204,"column":2}},"line":198},"8":{"name":"couldFlip","decl":{"start":{"line":217,"column":18},"end":{"line":223,"column":2}},"loc":{"start":{"line":217,"column":18},"end":{"line":223,"column":2}},"line":217},"9":{"name":"doFlips","decl":{"start":{"line":225,"column":16},"end":{"line":230,"column":2}},"loc":{"start":{"line":225,"column":16},"end":{"line":230,"column":2}},"line":225},"10":{"name":"getPositionsThatCanFlip","decl":{"start":{"line":232,"column":32},"end":{"line":257,"column":2}},"loc":{"start":{"line":232,"column":32},"end":{"line":257,"column":2}},"line":232},"11":{"name":"countFinal","decl":{"start":{"line":259,"column":19},"end":{"line":271,"column":2}},"loc":{"start":{"line":259,"column":19},"end":{"line":271,"column":2}},"line":259},"12":{"name":"createErrorResponse","decl":{"start":{"line":273,"column":28},"end":{"line":273,"column":114}},"loc":{"start":{"line":273,"column":28},"end":{"line":273,"column":114}},"line":273},"13":{"name":"createResponse","decl":{"start":{"line":275,"column":23},"end":{"line":275,"column":101}},"loc":{"start":{"line":275,"column":23},"end":{"line":275,"column":101}},"line":275}},"f":{"0":11,"1":10,"2":14,"3":12,"4":5,"5":31,"6":7936,"7":29,"8":282,"9":5,"10":2195,"11":2,"12":8,"13":26}}
}
