{"/Users/rafael/personal/games/packages/othello/src/index.ts": {"path":"/Users/rafael/personal/games/packages/othello/src/index.ts","all":false,"statementMap":{"0":{"start":{"line":1,"column":0},"end":{"line":1,"column":20}},"1":{"start":{"line":2,"column":0},"end":{"line":2,"column":0}},"2":{"start":{"line":3,"column":0},"end":{"line":3,"column":20}},"3":{"start":{"line":4,"column":0},"end":{"line":4,"column":12}},"4":{"start":{"line":5,"column":0},"end":{"line":5,"column":12}},"5":{"start":{"line":6,"column":0},"end":{"line":6,"column":2}},"6":{"start":{"line":7,"column":0},"end":{"line":7,"column":0}},"7":{"start":{"line":8,"column":0},"end":{"line":8,"column":31}},"8":{"start":{"line":9,"column":0},"end":{"line":9,"column":20}},"9":{"start":{"line":10,"column":0},"end":{"line":10,"column":21}},"10":{"start":{"line":11,"column":0},"end":{"line":11,"column":35}},"11":{"start":{"line":12,"column":0},"end":{"line":12,"column":14}},"12":{"start":{"line":13,"column":0},"end":{"line":13,"column":1}},"13":{"start":{"line":14,"column":0},"end":{"line":14,"column":0}},"14":{"start":{"line":15,"column":0},"end":{"line":15,"column":27}},"15":{"start":{"line":16,"column":0},"end":{"line":16,"column":29}},"16":{"start":{"line":17,"column":0},"end":{"line":17,"column":34}},"17":{"start":{"line":18,"column":0},"end":{"line":18,"column":34}},"18":{"start":{"line":19,"column":0},"end":{"line":19,"column":34}},"19":{"start":{"line":20,"column":0},"end":{"line":20,"column":34}},"20":{"start":{"line":21,"column":0},"end":{"line":21,"column":34}},"21":{"start":{"line":22,"column":0},"end":{"line":22,"column":34}},"22":{"start":{"line":23,"column":0},"end":{"line":23,"column":34}},"23":{"start":{"line":24,"column":0},"end":{"line":24,"column":34}},"24":{"start":{"line":25,"column":0},"end":{"line":25,"column":2}},"25":{"start":{"line":26,"column":0},"end":{"line":26,"column":0}},"26":{"start":{"line":27,"column":0},"end":{"line":27,"column":13}},"27":{"start":{"line":28,"column":0},"end":{"line":28,"column":21}},"28":{"start":{"line":29,"column":0},"end":{"line":29,"column":27}},"29":{"start":{"line":30,"column":0},"end":{"line":30,"column":37}},"30":{"start":{"line":31,"column":0},"end":{"line":31,"column":0}},"31":{"start":{"line":32,"column":0},"end":{"line":32,"column":28}},"32":{"start":{"line":33,"column":0},"end":{"line":33,"column":49}},"33":{"start":{"line":34,"column":0},"end":{"line":34,"column":2}},"34":{"start":{"line":35,"column":0},"end":{"line":35,"column":0}},"35":{"start":{"line":36,"column":0},"end":{"line":36,"column":69}},"36":{"start":{"line":37,"column":0},"end":{"line":37,"column":18}},"37":{"start":{"line":38,"column":0},"end":{"line":38,"column":17}},"38":{"start":{"line":39,"column":0},"end":{"line":39,"column":25}},"39":{"start":{"line":40,"column":0},"end":{"line":40,"column":55}},"40":{"start":{"line":41,"column":0},"end":{"line":41,"column":2}},"41":{"start":{"line":42,"column":0},"end":{"line":42,"column":0}},"42":{"start":{"line":43,"column":0},"end":{"line":43,"column":84}},"43":{"start":{"line":44,"column":0},"end":{"line":44,"column":41}},"44":{"start":{"line":45,"column":0},"end":{"line":45,"column":7}},"45":{"start":{"line":46,"column":0},"end":{"line":46,"column":36}},"46":{"start":{"line":47,"column":0},"end":{"line":47,"column":30}},"47":{"start":{"line":48,"column":0},"end":{"line":48,"column":19}},"48":{"start":{"line":49,"column":0},"end":{"line":49,"column":15}},"49":{"start":{"line":50,"column":0},"end":{"line":50,"column":62}},"50":{"start":{"line":51,"column":0},"end":{"line":51,"column":3}},"51":{"start":{"line":52,"column":0},"end":{"line":52,"column":55}},"52":{"start":{"line":53,"column":0},"end":{"line":53,"column":7}},"53":{"start":{"line":54,"column":0},"end":{"line":54,"column":54}},"54":{"start":{"line":55,"column":0},"end":{"line":55,"column":15}},"55":{"start":{"line":56,"column":0},"end":{"line":56,"column":68}},"56":{"start":{"line":57,"column":0},"end":{"line":57,"column":19}},"57":{"start":{"line":58,"column":0},"end":{"line":58,"column":9}},"58":{"start":{"line":59,"column":0},"end":{"line":59,"column":56}},"59":{"start":{"line":60,"column":0},"end":{"line":60,"column":64}},"60":{"start":{"line":61,"column":0},"end":{"line":61,"column":17}},"61":{"start":{"line":62,"column":0},"end":{"line":62,"column":83}},"62":{"start":{"line":63,"column":0},"end":{"line":63,"column":21}},"63":{"start":{"line":64,"column":0},"end":{"line":64,"column":34}},"64":{"start":{"line":65,"column":0},"end":{"line":65,"column":56}},"65":{"start":{"line":66,"column":0},"end":{"line":66,"column":5}},"66":{"start":{"line":67,"column":0},"end":{"line":67,"column":3}},"67":{"start":{"line":68,"column":0},"end":{"line":68,"column":0}},"68":{"start":{"line":69,"column":0},"end":{"line":69,"column":50}},"69":{"start":{"line":70,"column":0},"end":{"line":70,"column":2}},"70":{"start":{"line":71,"column":0},"end":{"line":71,"column":0}},"71":{"start":{"line":72,"column":0},"end":{"line":72,"column":66}},"72":{"start":{"line":73,"column":0},"end":{"line":73,"column":113}},"73":{"start":{"line":74,"column":0},"end":{"line":74,"column":93}},"74":{"start":{"line":75,"column":0},"end":{"line":75,"column":22}},"75":{"start":{"line":76,"column":0},"end":{"line":76,"column":2}},"76":{"start":{"line":77,"column":0},"end":{"line":77,"column":0}},"77":{"start":{"line":78,"column":0},"end":{"line":78,"column":74}},"78":{"start":{"line":79,"column":0},"end":{"line":79,"column":52}},"79":{"start":{"line":80,"column":0},"end":{"line":80,"column":33}},"80":{"start":{"line":81,"column":0},"end":{"line":81,"column":34}},"81":{"start":{"line":82,"column":0},"end":{"line":82,"column":42}},"82":{"start":{"line":83,"column":0},"end":{"line":83,"column":49}},"83":{"start":{"line":84,"column":0},"end":{"line":84,"column":49}},"84":{"start":{"line":85,"column":0},"end":{"line":85,"column":57}},"85":{"start":{"line":86,"column":0},"end":{"line":86,"column":56}},"86":{"start":{"line":87,"column":0},"end":{"line":87,"column":8}},"87":{"start":{"line":88,"column":0},"end":{"line":88,"column":41}},"88":{"start":{"line":89,"column":0},"end":{"line":89,"column":108}},"89":{"start":{"line":90,"column":0},"end":{"line":90,"column":8}},"90":{"start":{"line":91,"column":0},"end":{"line":91,"column":7}},"91":{"start":{"line":92,"column":0},"end":{"line":92,"column":5}},"92":{"start":{"line":93,"column":0},"end":{"line":93,"column":38}},"93":{"start":{"line":94,"column":0},"end":{"line":94,"column":2}},"94":{"start":{"line":95,"column":0},"end":{"line":95,"column":25}},"95":{"start":{"line":96,"column":0},"end":{"line":96,"column":60}},"96":{"start":{"line":97,"column":0},"end":{"line":97,"column":52}},"97":{"start":{"line":98,"column":0},"end":{"line":98,"column":43}},"98":{"start":{"line":99,"column":0},"end":{"line":99,"column":0}},"99":{"start":{"line":100,"column":0},"end":{"line":100,"column":23}},"100":{"start":{"line":101,"column":0},"end":{"line":101,"column":7}},"101":{"start":{"line":102,"column":0},"end":{"line":102,"column":19}},"102":{"start":{"line":103,"column":0},"end":{"line":103,"column":37}},"103":{"start":{"line":104,"column":0},"end":{"line":104,"column":42}},"104":{"start":{"line":105,"column":0},"end":{"line":105,"column":42}},"105":{"start":{"line":106,"column":0},"end":{"line":106,"column":42}},"106":{"start":{"line":107,"column":0},"end":{"line":107,"column":42}},"107":{"start":{"line":108,"column":0},"end":{"line":108,"column":42}},"108":{"start":{"line":109,"column":0},"end":{"line":109,"column":42}},"109":{"start":{"line":110,"column":0},"end":{"line":110,"column":42}},"110":{"start":{"line":111,"column":0},"end":{"line":111,"column":42}},"111":{"start":{"line":112,"column":0},"end":{"line":112,"column":10}},"112":{"start":{"line":113,"column":0},"end":{"line":113,"column":30}},"113":{"start":{"line":114,"column":0},"end":{"line":114,"column":25}},"114":{"start":{"line":115,"column":0},"end":{"line":115,"column":25}},"115":{"start":{"line":116,"column":0},"end":{"line":116,"column":25}},"116":{"start":{"line":117,"column":0},"end":{"line":117,"column":25}},"117":{"start":{"line":118,"column":0},"end":{"line":118,"column":25}},"118":{"start":{"line":119,"column":0},"end":{"line":119,"column":25}},"119":{"start":{"line":120,"column":0},"end":{"line":120,"column":25}},"120":{"start":{"line":121,"column":0},"end":{"line":121,"column":25}},"121":{"start":{"line":122,"column":0},"end":{"line":122,"column":25}},"122":{"start":{"line":123,"column":0},"end":{"line":123,"column":25}},"123":{"start":{"line":124,"column":0},"end":{"line":124,"column":25}},"124":{"start":{"line":125,"column":0},"end":{"line":125,"column":25}},"125":{"start":{"line":126,"column":0},"end":{"line":126,"column":10}},"126":{"start":{"line":127,"column":0},"end":{"line":127,"column":8}},"127":{"start":{"line":128,"column":0},"end":{"line":128,"column":7}},"128":{"start":{"line":129,"column":0},"end":{"line":129,"column":19}},"129":{"start":{"line":130,"column":0},"end":{"line":130,"column":37}},"130":{"start":{"line":131,"column":0},"end":{"line":131,"column":42}},"131":{"start":{"line":132,"column":0},"end":{"line":132,"column":42}},"132":{"start":{"line":133,"column":0},"end":{"line":133,"column":42}},"133":{"start":{"line":134,"column":0},"end":{"line":134,"column":42}},"134":{"start":{"line":135,"column":0},"end":{"line":135,"column":42}},"135":{"start":{"line":136,"column":0},"end":{"line":136,"column":42}},"136":{"start":{"line":137,"column":0},"end":{"line":137,"column":42}},"137":{"start":{"line":138,"column":0},"end":{"line":138,"column":42}},"138":{"start":{"line":139,"column":0},"end":{"line":139,"column":10}},"139":{"start":{"line":140,"column":0},"end":{"line":140,"column":30}},"140":{"start":{"line":141,"column":0},"end":{"line":141,"column":25}},"141":{"start":{"line":142,"column":0},"end":{"line":142,"column":25}},"142":{"start":{"line":143,"column":0},"end":{"line":143,"column":25}},"143":{"start":{"line":144,"column":0},"end":{"line":144,"column":25}},"144":{"start":{"line":145,"column":0},"end":{"line":145,"column":25}},"145":{"start":{"line":146,"column":0},"end":{"line":146,"column":25}},"146":{"start":{"line":147,"column":0},"end":{"line":147,"column":25}},"147":{"start":{"line":148,"column":0},"end":{"line":148,"column":25}},"148":{"start":{"line":149,"column":0},"end":{"line":149,"column":25}},"149":{"start":{"line":150,"column":0},"end":{"line":150,"column":25}},"150":{"start":{"line":151,"column":0},"end":{"line":151,"column":25}},"151":{"start":{"line":152,"column":0},"end":{"line":152,"column":25}},"152":{"start":{"line":153,"column":0},"end":{"line":153,"column":25}},"153":{"start":{"line":154,"column":0},"end":{"line":154,"column":25}},"154":{"start":{"line":155,"column":0},"end":{"line":155,"column":25}},"155":{"start":{"line":156,"column":0},"end":{"line":156,"column":25}},"156":{"start":{"line":157,"column":0},"end":{"line":157,"column":10}},"157":{"start":{"line":158,"column":0},"end":{"line":158,"column":8}},"158":{"start":{"line":159,"column":0},"end":{"line":159,"column":6}},"159":{"start":{"line":160,"column":0},"end":{"line":160,"column":94}},"160":{"start":{"line":161,"column":0},"end":{"line":161,"column":39}},"161":{"start":{"line":162,"column":0},"end":{"line":162,"column":43}},"162":{"start":{"line":163,"column":0},"end":{"line":163,"column":63}},"163":{"start":{"line":164,"column":0},"end":{"line":164,"column":9}},"164":{"start":{"line":165,"column":0},"end":{"line":165,"column":66}},"165":{"start":{"line":166,"column":0},"end":{"line":166,"column":7}},"166":{"start":{"line":167,"column":0},"end":{"line":167,"column":5}},"167":{"start":{"line":168,"column":0},"end":{"line":168,"column":1}},"168":{"start":{"line":169,"column":0},"end":{"line":169,"column":0}},"169":{"start":{"line":170,"column":0},"end":{"line":170,"column":22}},"170":{"start":{"line":171,"column":0},"end":{"line":171,"column":19}},"171":{"start":{"line":172,"column":0},"end":{"line":172,"column":27}},"172":{"start":{"line":173,"column":0},"end":{"line":173,"column":34}},"173":{"start":{"line":174,"column":0},"end":{"line":174,"column":35}},"174":{"start":{"line":175,"column":0},"end":{"line":175,"column":47}},"175":{"start":{"line":176,"column":0},"end":{"line":176,"column":6}},"176":{"start":{"line":177,"column":0},"end":{"line":177,"column":39}},"177":{"start":{"line":178,"column":0},"end":{"line":178,"column":43}},"178":{"start":{"line":179,"column":0},"end":{"line":179,"column":37}},"179":{"start":{"line":180,"column":0},"end":{"line":180,"column":56}},"180":{"start":{"line":181,"column":0},"end":{"line":181,"column":25}},"181":{"start":{"line":182,"column":0},"end":{"line":182,"column":31}},"182":{"start":{"line":183,"column":0},"end":{"line":183,"column":84}},"183":{"start":{"line":184,"column":0},"end":{"line":184,"column":95}},"184":{"start":{"line":185,"column":0},"end":{"line":185,"column":63}},"185":{"start":{"line":186,"column":0},"end":{"line":186,"column":33}},"186":{"start":{"line":187,"column":0},"end":{"line":187,"column":27}},"187":{"start":{"line":188,"column":0},"end":{"line":188,"column":40}},"188":{"start":{"line":189,"column":0},"end":{"line":189,"column":95}},"189":{"start":{"line":190,"column":0},"end":{"line":190,"column":5}},"190":{"start":{"line":191,"column":0},"end":{"line":191,"column":3}},"191":{"start":{"line":192,"column":0},"end":{"line":192,"column":29}},"192":{"start":{"line":193,"column":0},"end":{"line":193,"column":2}},"193":{"start":{"line":194,"column":0},"end":{"line":194,"column":0}},"194":{"start":{"line":195,"column":0},"end":{"line":195,"column":47}},"195":{"start":{"line":196,"column":0},"end":{"line":196,"column":93}},"196":{"start":{"line":197,"column":0},"end":{"line":197,"column":38}},"197":{"start":{"line":198,"column":0},"end":{"line":198,"column":4}},"198":{"start":{"line":199,"column":0},"end":{"line":199,"column":77}},"199":{"start":{"line":200,"column":0},"end":{"line":200,"column":31}},"200":{"start":{"line":201,"column":0},"end":{"line":201,"column":2}},"201":{"start":{"line":202,"column":0},"end":{"line":202,"column":0}},"202":{"start":{"line":203,"column":0},"end":{"line":203,"column":30}},"203":{"start":{"line":204,"column":0},"end":{"line":204,"column":27}},"204":{"start":{"line":205,"column":0},"end":{"line":205,"column":25}},"205":{"start":{"line":206,"column":0},"end":{"line":206,"column":27}},"206":{"start":{"line":207,"column":0},"end":{"line":207,"column":28}},"207":{"start":{"line":208,"column":0},"end":{"line":208,"column":33}},"208":{"start":{"line":209,"column":0},"end":{"line":209,"column":32}},"209":{"start":{"line":210,"column":0},"end":{"line":210,"column":31}},"210":{"start":{"line":211,"column":0},"end":{"line":211,"column":30}},"211":{"start":{"line":212,"column":0},"end":{"line":212,"column":2}},"212":{"start":{"line":213,"column":0},"end":{"line":213,"column":0}},"213":{"start":{"line":214,"column":0},"end":{"line":214,"column":66}},"214":{"start":{"line":215,"column":0},"end":{"line":215,"column":49}},"215":{"start":{"line":216,"column":0},"end":{"line":216,"column":98}},"216":{"start":{"line":217,"column":0},"end":{"line":217,"column":44}},"217":{"start":{"line":218,"column":0},"end":{"line":218,"column":3}},"218":{"start":{"line":219,"column":0},"end":{"line":219,"column":15}},"219":{"start":{"line":220,"column":0},"end":{"line":220,"column":2}},"220":{"start":{"line":221,"column":0},"end":{"line":221,"column":0}},"221":{"start":{"line":222,"column":0},"end":{"line":222,"column":56}},"222":{"start":{"line":223,"column":0},"end":{"line":223,"column":47}},"223":{"start":{"line":224,"column":0},"end":{"line":224,"column":83}},"224":{"start":{"line":225,"column":0},"end":{"line":225,"column":86}},"225":{"start":{"line":226,"column":0},"end":{"line":226,"column":5}},"226":{"start":{"line":227,"column":0},"end":{"line":227,"column":2}},"227":{"start":{"line":228,"column":0},"end":{"line":228,"column":0}},"228":{"start":{"line":229,"column":0},"end":{"line":229,"column":33}},"229":{"start":{"line":230,"column":0},"end":{"line":230,"column":26}},"230":{"start":{"line":231,"column":0},"end":{"line":231,"column":17}},"231":{"start":{"line":232,"column":0},"end":{"line":232,"column":28}},"232":{"start":{"line":233,"column":0},"end":{"line":233,"column":25}},"233":{"start":{"line":234,"column":0},"end":{"line":234,"column":37}},"234":{"start":{"line":235,"column":0},"end":{"line":235,"column":6}},"235":{"start":{"line":236,"column":0},"end":{"line":236,"column":88}},"236":{"start":{"line":237,"column":0},"end":{"line":237,"column":15}},"237":{"start":{"line":238,"column":0},"end":{"line":238,"column":63}},"238":{"start":{"line":239,"column":0},"end":{"line":239,"column":67}},"239":{"start":{"line":240,"column":0},"end":{"line":240,"column":131}},"240":{"start":{"line":241,"column":0},"end":{"line":241,"column":37}},"241":{"start":{"line":242,"column":0},"end":{"line":242,"column":89}},"242":{"start":{"line":243,"column":0},"end":{"line":243,"column":86}},"243":{"start":{"line":244,"column":0},"end":{"line":244,"column":3}},"244":{"start":{"line":245,"column":0},"end":{"line":245,"column":6}},"245":{"start":{"line":246,"column":0},"end":{"line":246,"column":96}},"246":{"start":{"line":247,"column":0},"end":{"line":247,"column":101}},"247":{"start":{"line":248,"column":0},"end":{"line":248,"column":67}},"248":{"start":{"line":249,"column":0},"end":{"line":249,"column":5}},"249":{"start":{"line":250,"column":0},"end":{"line":250,"column":54}},"250":{"start":{"line":251,"column":0},"end":{"line":251,"column":3}},"251":{"start":{"line":252,"column":0},"end":{"line":252,"column":0}},"252":{"start":{"line":253,"column":0},"end":{"line":253,"column":57}},"253":{"start":{"line":254,"column":0},"end":{"line":254,"column":2}},"254":{"start":{"line":255,"column":0},"end":{"line":255,"column":0}},"255":{"start":{"line":256,"column":0},"end":{"line":256,"column":26}},"256":{"start":{"line":257,"column":0},"end":{"line":257,"column":18}},"257":{"start":{"line":258,"column":0},"end":{"line":258,"column":18}},"258":{"start":{"line":259,"column":0},"end":{"line":259,"column":25}},"259":{"start":{"line":260,"column":0},"end":{"line":260,"column":27}},"260":{"start":{"line":261,"column":0},"end":{"line":261,"column":32}},"261":{"start":{"line":262,"column":0},"end":{"line":262,"column":32}},"262":{"start":{"line":263,"column":0},"end":{"line":263,"column":7}},"263":{"start":{"line":264,"column":0},"end":{"line":264,"column":5}},"264":{"start":{"line":265,"column":0},"end":{"line":265,"column":20}},"265":{"start":{"line":266,"column":0},"end":{"line":266,"column":92}},"266":{"start":{"line":267,"column":0},"end":{"line":267,"column":50}},"267":{"start":{"line":268,"column":0},"end":{"line":268,"column":16}},"268":{"start":{"line":269,"column":0},"end":{"line":269,"column":2}},"269":{"start":{"line":270,"column":0},"end":{"line":270,"column":0}},"270":{"start":{"line":271,"column":0},"end":{"line":271,"column":114}},"271":{"start":{"line":272,"column":0},"end":{"line":272,"column":0}},"272":{"start":{"line":273,"column":0},"end":{"line":273,"column":101}}},"s":{"0":1,"1":1,"2":1,"3":1,"4":1,"5":1,"6":1,"7":1,"8":1,"9":1,"10":1,"11":1,"12":1,"13":1,"14":1,"15":11,"16":11,"17":11,"18":11,"19":11,"20":11,"21":11,"22":11,"23":11,"24":11,"25":1,"26":1,"27":1,"28":1,"29":1,"30":1,"31":1,"32":10,"33":10,"34":1,"35":1,"36":14,"37":14,"38":14,"39":14,"40":14,"41":1,"42":1,"43":12,"44":12,"45":12,"46":12,"47":12,"48":12,"49":7,"50":7,"51":12,"52":12,"53":12,"54":12,"55":3,"56":3,"57":3,"58":3,"59":3,"60":3,"61":2,"62":2,"63":2,"64":2,"65":2,"66":3,"67":12,"68":12,"69":12,"70":1,"71":1,"72":12,"73":12,"74":5,"75":5,"76":1,"77":1,"78":17,"79":17,"80":136,"81":1088,"82":1088,"83":1088,"84":1088,"85":1088,"86":1088,"87":1088,"88":1088,"89":1088,"90":136,"91":17,"92":17,"93":17,"94":1,"95":1,"96":1,"97":1,"98":1,"99":1,"100":1,"101":1,"102":1,"103":1,"104":1,"105":1,"106":1,"107":1,"108":1,"109":1,"110":1,"111":1,"112":1,"113":1,"114":1,"115":1,"116":1,"117":1,"118":1,"119":1,"120":1,"121":1,"122":1,"123":1,"124":1,"125":1,"126":1,"127":1,"128":1,"129":1,"130":1,"131":1,"132":1,"133":1,"134":1,"135":1,"136":1,"137":1,"138":1,"139":1,"140":1,"141":1,"142":1,"143":1,"144":1,"145":1,"146":1,"147":1,"148":1,"149":1,"150":1,"151":1,"152":1,"153":1,"154":1,"155":1,"156":1,"157":1,"158":1,"159":1,"160":2,"161":2,"162":28,"163":2,"164":2,"165":1,"166":1,"167":1,"168":1,"169":1,"170":4352,"171":4352,"172":4352,"173":4352,"174":4352,"175":4352,"176":4352,"177":4352,"178":3570,"179":3570,"180":138,"181":138,"182":138,"183":138,"184":3570,"185":156,"186":156,"187":156,"188":156,"189":156,"190":3570,"191":4352,"192":4352,"193":1,"194":1,"195":15,"196":136,"197":15,"198":15,"199":10,"200":10,"201":1,"202":1,"203":1,"204":1,"205":1,"206":1,"207":1,"208":1,"209":1,"210":1,"211":1,"212":1,"213":1,"214":136,"215":885,"216":885,"217":885,"218":98,"219":98,"220":1,"221":1,"222":5,"223":40,"224":40,"225":5,"226":5,"227":1,"228":1,"229":1146,"230":1146,"231":1146,"232":1146,"233":1146,"234":1146,"235":1146,"236":1146,"237":1146,"238":1112,"239":1146,"240":1146,"241":221,"242":221,"243":221,"244":347,"245":347,"246":138,"247":130,"248":1146,"249":44,"250":44,"251":303,"252":1146,"253":1146,"254":1,"255":1,"256":2,"257":2,"258":2,"259":16,"260":128,"261":128,"262":16,"263":2,"264":2,"265":2,"266":2,"267":2,"268":2,"269":1,"270":1,"271":1,"272":1},"branchMap":{"0":{"type":"branch","line":95,"loc":{"start":{"line":95,"column":24},"end":{"line":168,"column":1}},"locations":[{"start":{"line":95,"column":24},"end":{"line":168,"column":1}}]},"1":{"type":"branch","line":15,"loc":{"start":{"line":15,"column":20},"end":{"line":25,"column":2}},"locations":[{"start":{"line":15,"column":20},"end":{"line":25,"column":2}}]},"2":{"type":"branch","line":32,"loc":{"start":{"line":32,"column":21},"end":{"line":34,"column":2}},"locations":[{"start":{"line":32,"column":21},"end":{"line":34,"column":2}}]},"3":{"type":"branch","line":33,"loc":{"start":{"line":33,"column":38},"end":{"line":33,"column":46}},"locations":[{"start":{"line":33,"column":38},"end":{"line":33,"column":46}}]},"4":{"type":"branch","line":33,"loc":{"start":{"line":33,"column":42},"end":{"line":33,"column":49}},"locations":[{"start":{"line":33,"column":42},"end":{"line":33,"column":49}}]},"5":{"type":"branch","line":36,"loc":{"start":{"line":36,"column":24},"end":{"line":41,"column":2}},"locations":[{"start":{"line":36,"column":24},"end":{"line":41,"column":2}}]},"6":{"type":"branch","line":43,"loc":{"start":{"line":43,"column":26},"end":{"line":70,"column":2}},"locations":[{"start":{"line":43,"column":26},"end":{"line":70,"column":2}}]},"7":{"type":"branch","line":49,"loc":{"start":{"line":49,"column":2},"end":{"line":51,"column":3}},"locations":[{"start":{"line":49,"column":2},"end":{"line":51,"column":3}}]},"8":{"type":"branch","line":55,"loc":{"start":{"line":55,"column":2},"end":{"line":67,"column":3}},"locations":[{"start":{"line":55,"column":2},"end":{"line":67,"column":3}}]},"9":{"type":"branch","line":60,"loc":{"start":{"line":60,"column":30},"end":{"line":60,"column":64}},"locations":[{"start":{"line":60,"column":30},"end":{"line":60,"column":64}}]},"10":{"type":"branch","line":61,"loc":{"start":{"line":61,"column":4},"end":{"line":66,"column":5}},"locations":[{"start":{"line":61,"column":4},"end":{"line":66,"column":5}}]},"11":{"type":"branch","line":69,"loc":{"start":{"line":69,"column":9},"end":{"line":69,"column":50}},"locations":[{"start":{"line":69,"column":9},"end":{"line":69,"column":50}}]},"12":{"type":"branch","line":72,"loc":{"start":{"line":72,"column":22},"end":{"line":76,"column":2}},"locations":[{"start":{"line":72,"column":22},"end":{"line":76,"column":2}}]},"13":{"type":"branch","line":73,"loc":{"start":{"line":73,"column":10},"end":{"line":73,"column":24}},"locations":[{"start":{"line":73,"column":10},"end":{"line":73,"column":24}}]},"14":{"type":"branch","line":73,"loc":{"start":{"line":73,"column":19},"end":{"line":73,"column":33}},"locations":[{"start":{"line":73,"column":19},"end":{"line":73,"column":33}}]},"15":{"type":"branch","line":73,"loc":{"start":{"line":73,"column":28},"end":{"line":73,"column":40}},"locations":[{"start":{"line":73,"column":28},"end":{"line":73,"column":40}}]},"16":{"type":"branch","line":73,"loc":{"start":{"line":73,"column":40},"end":{"line":73,"column":113}},"locations":[{"start":{"line":73,"column":40},"end":{"line":73,"column":113}}]},"17":{"type":"branch","line":73,"loc":{"start":{"line":73,"column":111},"end":{"line":74,"column":24}},"locations":[{"start":{"line":73,"column":111},"end":{"line":74,"column":24}}]},"18":{"type":"branch","line":74,"loc":{"start":{"line":74,"column":18},"end":{"line":74,"column":93}},"locations":[{"start":{"line":74,"column":18},"end":{"line":74,"column":93}}]},"19":{"type":"branch","line":74,"loc":{"start":{"line":74,"column":91},"end":{"line":76,"column":2}},"locations":[{"start":{"line":74,"column":91},"end":{"line":76,"column":2}}]},"20":{"type":"branch","line":78,"loc":{"start":{"line":78,"column":36},"end":{"line":94,"column":2}},"locations":[{"start":{"line":78,"column":36},"end":{"line":94,"column":2}}]},"21":{"type":"branch","line":80,"loc":{"start":{"line":80,"column":15},"end":{"line":92,"column":3}},"locations":[{"start":{"line":80,"column":15},"end":{"line":92,"column":3}}]},"22":{"type":"branch","line":81,"loc":{"start":{"line":81,"column":16},"end":{"line":91,"column":5}},"locations":[{"start":{"line":81,"column":16},"end":{"line":91,"column":5}}]},"23":{"type":"branch","line":89,"loc":{"start":{"line":89,"column":8},"end":{"line":89,"column":108}},"locations":[{"start":{"line":89,"column":8},"end":{"line":89,"column":108}}]},"24":{"type":"branch","line":97,"loc":{"start":{"line":97,"column":45},"end":{"line":167,"column":3}},"locations":[{"start":{"line":97,"column":45},"end":{"line":167,"column":3}}]},"25":{"type":"branch","line":160,"loc":{"start":{"line":160,"column":54},"end":{"line":166,"column":5}},"locations":[{"start":{"line":160,"column":54},"end":{"line":166,"column":5}}]},"26":{"type":"branch","line":162,"loc":{"start":{"line":162,"column":26},"end":{"line":164,"column":7}},"locations":[{"start":{"line":162,"column":26},"end":{"line":164,"column":7}}]},"27":{"type":"branch","line":170,"loc":{"start":{"line":170,"column":21},"end":{"line":193,"column":2}},"locations":[{"start":{"line":170,"column":21},"end":{"line":193,"column":2}}]},"28":{"type":"branch","line":178,"loc":{"start":{"line":178,"column":11},"end":{"line":178,"column":26}},"locations":[{"start":{"line":178,"column":11},"end":{"line":178,"column":26}}]},"29":{"type":"branch","line":178,"loc":{"start":{"line":178,"column":21},"end":{"line":178,"column":35}},"locations":[{"start":{"line":178,"column":21},"end":{"line":178,"column":35}}]},"30":{"type":"branch","line":178,"loc":{"start":{"line":178,"column":30},"end":{"line":178,"column":42}},"locations":[{"start":{"line":178,"column":30},"end":{"line":178,"column":42}}]},"31":{"type":"branch","line":178,"loc":{"start":{"line":178,"column":42},"end":{"line":191,"column":3}},"locations":[{"start":{"line":178,"column":42},"end":{"line":191,"column":3}}]},"32":{"type":"branch","line":180,"loc":{"start":{"line":180,"column":29},"end":{"line":180,"column":55}},"locations":[{"start":{"line":180,"column":29},"end":{"line":180,"column":55}}]},"33":{"type":"branch","line":180,"loc":{"start":{"line":180,"column":55},"end":{"line":185,"column":15}},"locations":[{"start":{"line":180,"column":55},"end":{"line":185,"column":15}}]},"34":{"type":"branch","line":185,"loc":{"start":{"line":185,"column":4},"end":{"line":190,"column":5}},"locations":[{"start":{"line":185,"column":4},"end":{"line":190,"column":5}}]},"35":{"type":"branch","line":185,"loc":{"start":{"line":185,"column":36},"end":{"line":185,"column":62}},"locations":[{"start":{"line":185,"column":36},"end":{"line":185,"column":62}}]},"36":{"type":"branch","line":185,"loc":{"start":{"line":185,"column":62},"end":{"line":190,"column":5}},"locations":[{"start":{"line":185,"column":62},"end":{"line":190,"column":5}}]},"37":{"type":"branch","line":195,"loc":{"start":{"line":195,"column":26},"end":{"line":201,"column":2}},"locations":[{"start":{"line":195,"column":26},"end":{"line":201,"column":2}}]},"38":{"type":"branch","line":199,"loc":{"start":{"line":199,"column":42},"end":{"line":199,"column":77}},"locations":[{"start":{"line":199,"column":42},"end":{"line":199,"column":77}}]},"39":{"type":"branch","line":199,"loc":{"start":{"line":199,"column":75},"end":{"line":201,"column":2}},"locations":[{"start":{"line":199,"column":75},"end":{"line":201,"column":2}}]},"40":{"type":"branch","line":196,"loc":{"start":{"line":196,"column":73},"end":{"line":197,"column":38}},"locations":[{"start":{"line":196,"column":73},"end":{"line":197,"column":38}}]},"41":{"type":"branch","line":214,"loc":{"start":{"line":214,"column":18},"end":{"line":220,"column":2}},"locations":[{"start":{"line":214,"column":18},"end":{"line":220,"column":2}}]},"42":{"type":"branch","line":215,"loc":{"start":{"line":215,"column":48},"end":{"line":218,"column":3}},"locations":[{"start":{"line":215,"column":48},"end":{"line":218,"column":3}}]},"43":{"type":"branch","line":217,"loc":{"start":{"line":217,"column":32},"end":{"line":217,"column":44}},"locations":[{"start":{"line":217,"column":32},"end":{"line":217,"column":44}}]},"44":{"type":"branch","line":218,"loc":{"start":{"line":218,"column":2},"end":{"line":220,"column":2}},"locations":[{"start":{"line":218,"column":2},"end":{"line":220,"column":2}}]},"45":{"type":"branch","line":222,"loc":{"start":{"line":222,"column":16},"end":{"line":227,"column":2}},"locations":[{"start":{"line":222,"column":16},"end":{"line":227,"column":2}}]},"46":{"type":"branch","line":223,"loc":{"start":{"line":223,"column":31},"end":{"line":226,"column":3}},"locations":[{"start":{"line":223,"column":31},"end":{"line":226,"column":3}}]},"47":{"type":"branch","line":225,"loc":{"start":{"line":225,"column":25},"end":{"line":225,"column":86}},"locations":[{"start":{"line":225,"column":25},"end":{"line":225,"column":86}}]},"48":{"type":"branch","line":225,"loc":{"start":{"line":225,"column":49},"end":{"line":225,"column":84}},"locations":[{"start":{"line":225,"column":49},"end":{"line":225,"column":84}}]},"49":{"type":"branch","line":229,"loc":{"start":{"line":229,"column":32},"end":{"line":254,"column":2}},"locations":[{"start":{"line":229,"column":32},"end":{"line":254,"column":2}}]},"50":{"type":"branch","line":238,"loc":{"start":{"line":238,"column":19},"end":{"line":238,"column":33}},"locations":[{"start":{"line":238,"column":19},"end":{"line":238,"column":33}}]},"51":{"type":"branch","line":238,"loc":{"start":{"line":238,"column":28},"end":{"line":238,"column":40}},"locations":[{"start":{"line":238,"column":28},"end":{"line":238,"column":40}}]},"52":{"type":"branch","line":238,"loc":{"start":{"line":238,"column":40},"end":{"line":238,"column":63}},"locations":[{"start":{"line":238,"column":40},"end":{"line":238,"column":63}}]},"53":{"type":"branch","line":238,"loc":{"start":{"line":238,"column":40},"end":{"line":239,"column":67}},"locations":[{"start":{"line":238,"column":40},"end":{"line":239,"column":67}}]},"54":{"type":"branch","line":239,"loc":{"start":{"line":239,"column":31},"end":{"line":239,"column":67}},"locations":[{"start":{"line":239,"column":31},"end":{"line":239,"column":67}}]},"55":{"type":"branch","line":239,"loc":{"start":{"line":239,"column":31},"end":{"line":240,"column":64}},"locations":[{"start":{"line":239,"column":31},"end":{"line":240,"column":64}}]},"56":{"type":"branch","line":240,"loc":{"start":{"line":240,"column":54},"end":{"line":240,"column":94}},"locations":[{"start":{"line":240,"column":54},"end":{"line":240,"column":94}}]},"57":{"type":"branch","line":240,"loc":{"start":{"line":240,"column":94},"end":{"line":240,"column":131}},"locations":[{"start":{"line":240,"column":94},"end":{"line":240,"column":131}}]},"58":{"type":"branch","line":240,"loc":{"start":{"line":240,"column":94},"end":{"line":241,"column":36}},"locations":[{"start":{"line":240,"column":94},"end":{"line":241,"column":36}}]},"59":{"type":"branch","line":241,"loc":{"start":{"line":241,"column":36},"end":{"line":244,"column":3}},"locations":[{"start":{"line":241,"column":36},"end":{"line":244,"column":3}}]},"60":{"type":"branch","line":243,"loc":{"start":{"line":243,"column":20},"end":{"line":243,"column":86}},"locations":[{"start":{"line":243,"column":20},"end":{"line":243,"column":86}}]},"61":{"type":"branch","line":244,"loc":{"start":{"line":244,"column":2},"end":{"line":246,"column":96}},"locations":[{"start":{"line":244,"column":2},"end":{"line":246,"column":96}}]},"62":{"type":"branch","line":246,"loc":{"start":{"line":246,"column":52},"end":{"line":247,"column":101}},"locations":[{"start":{"line":246,"column":52},"end":{"line":247,"column":101}}]},"63":{"type":"branch","line":247,"loc":{"start":{"line":247,"column":52},"end":{"line":248,"column":67}},"locations":[{"start":{"line":247,"column":52},"end":{"line":248,"column":67}}]},"64":{"type":"branch","line":249,"loc":{"start":{"line":249,"column":4},"end":{"line":251,"column":3}},"locations":[{"start":{"line":249,"column":4},"end":{"line":251,"column":3}}]},"65":{"type":"branch","line":251,"loc":{"start":{"line":251,"column":2},"end":{"line":253,"column":41}},"locations":[{"start":{"line":251,"column":2},"end":{"line":253,"column":41}}]},"66":{"type":"branch","line":253,"loc":{"start":{"line":253,"column":34},"end":{"line":253,"column":57}},"locations":[{"start":{"line":253,"column":34},"end":{"line":253,"column":57}}]},"67":{"type":"branch","line":256,"loc":{"start":{"line":256,"column":19},"end":{"line":269,"column":2}},"locations":[{"start":{"line":256,"column":19},"end":{"line":269,"column":2}}]},"68":{"type":"branch","line":266,"loc":{"start":{"line":266,"column":16},"end":{"line":266,"column":41}},"locations":[{"start":{"line":266,"column":16},"end":{"line":266,"column":41}}]},"69":{"type":"branch","line":266,"loc":{"start":{"line":266,"column":26},"end":{"line":266,"column":92}},"locations":[{"start":{"line":266,"column":26},"end":{"line":266,"column":92}}]},"70":{"type":"branch","line":266,"loc":{"start":{"line":266,"column":71},"end":{"line":266,"column":87}},"locations":[{"start":{"line":266,"column":71},"end":{"line":266,"column":87}}]},"71":{"type":"branch","line":259,"loc":{"start":{"line":259,"column":15},"end":{"line":264,"column":3}},"locations":[{"start":{"line":259,"column":15},"end":{"line":264,"column":3}}]},"72":{"type":"branch","line":260,"loc":{"start":{"line":260,"column":16},"end":{"line":263,"column":5}},"locations":[{"start":{"line":260,"column":16},"end":{"line":263,"column":5}}]},"73":{"type":"branch","line":261,"loc":{"start":{"line":261,"column":22},"end":{"line":261,"column":32}},"locations":[{"start":{"line":261,"column":22},"end":{"line":261,"column":32}}]},"74":{"type":"branch","line":262,"loc":{"start":{"line":262,"column":22},"end":{"line":262,"column":32}},"locations":[{"start":{"line":262,"column":22},"end":{"line":262,"column":32}}]},"75":{"type":"branch","line":271,"loc":{"start":{"line":271,"column":28},"end":{"line":271,"column":114}},"locations":[{"start":{"line":271,"column":28},"end":{"line":271,"column":114}}]},"76":{"type":"branch","line":273,"loc":{"start":{"line":273,"column":23},"end":{"line":273,"column":101}},"locations":[{"start":{"line":273,"column":23},"end":{"line":273,"column":101}}]}},"b":{"0":[1],"1":[11],"2":[10],"3":[6],"4":[4],"5":[14],"6":[12],"7":[7],"8":[3],"9":[1],"10":[2],"11":[2],"12":[12],"13":[11],"14":[10],"15":[9],"16":[4],"17":[8],"18":[3],"19":[5],"20":[17],"21":[136],"22":[1088],"23":[4352],"24":[1],"25":[2],"26":[28],"27":[4352],"28":[4216],"29":[4216],"30":[3944],"31":[3570],"32":[2354],"33":[138],"34":[3432],"35":[1216],"36":[156],"37":[15],"38":[5],"39":[10],"40":[136],"41":[136],"42":[885],"43":[38],"44":[98],"45":[5],"46":[40],"47":[6],"48":[8],"49":[1146],"50":[1132],"51":[1118],"52":[34],"53":[1112],"54":[754],"55":[358],"56":[19],"57":[11],"58":[347],"59":[221],"60":[46],"61":[347],"62":[138],"63":[130],"64":[44],"65":[303],"66":[46],"67":[2],"68":[1],"69":[1],"70":[0],"71":[16],"72":[128],"73":[42],"74":[86],"75":[8],"76":[26]},"fnMap":{"0":{"name":"defaultGrid","decl":{"start":{"line":15,"column":20},"end":{"line":25,"column":2}},"loc":{"start":{"line":15,"column":20},"end":{"line":25,"column":2}},"line":15},"1":{"name":"togglePlayer","decl":{"start":{"line":32,"column":21},"end":{"line":34,"column":2}},"loc":{"start":{"line":32,"column":21},"end":{"line":34,"column":2}},"line":32},"2":{"name":"initGame","decl":{"start":{"line":36,"column":24},"end":{"line":41,"column":2}},"loc":{"start":{"line":36,"column":24},"end":{"line":41,"column":2}},"line":36},"3":{"name":"playerMove","decl":{"start":{"line":43,"column":26},"end":{"line":70,"column":2}},"loc":{"start":{"line":43,"column":26},"end":{"line":70,"column":2}},"line":43},"4":{"name":"setMoveToGrid","decl":{"start":{"line":72,"column":22},"end":{"line":76,"column":2}},"loc":{"start":{"line":72,"column":22},"end":{"line":76,"column":2}},"line":72},"5":{"name":"getEmptyAdjacentCoordinates","decl":{"start":{"line":78,"column":36},"end":{"line":94,"column":2}},"loc":{"start":{"line":78,"column":36},"end":{"line":94,"column":2}},"line":78},"6":{"name":"checkAndMark","decl":{"start":{"line":170,"column":21},"end":{"line":193,"column":2}},"loc":{"start":{"line":170,"column":21},"end":{"line":193,"column":2}},"line":170},"7":{"name":"getAvailableMoves","decl":{"start":{"line":195,"column":26},"end":{"line":201,"column":2}},"loc":{"start":{"line":195,"column":26},"end":{"line":201,"column":2}},"line":195},"8":{"name":"couldFlip","decl":{"start":{"line":214,"column":18},"end":{"line":220,"column":2}},"loc":{"start":{"line":214,"column":18},"end":{"line":220,"column":2}},"line":214},"9":{"name":"doFlips","decl":{"start":{"line":222,"column":16},"end":{"line":227,"column":2}},"loc":{"start":{"line":222,"column":16},"end":{"line":227,"column":2}},"line":222},"10":{"name":"getPositionsThatCanFlip","decl":{"start":{"line":229,"column":32},"end":{"line":254,"column":2}},"loc":{"start":{"line":229,"column":32},"end":{"line":254,"column":2}},"line":229},"11":{"name":"countFinal","decl":{"start":{"line":256,"column":19},"end":{"line":269,"column":2}},"loc":{"start":{"line":256,"column":19},"end":{"line":269,"column":2}},"line":256},"12":{"name":"createErrorResponse","decl":{"start":{"line":271,"column":28},"end":{"line":271,"column":114}},"loc":{"start":{"line":271,"column":28},"end":{"line":271,"column":114}},"line":271},"13":{"name":"createResponse","decl":{"start":{"line":273,"column":23},"end":{"line":273,"column":101}},"loc":{"start":{"line":273,"column":23},"end":{"line":273,"column":101}},"line":273}},"f":{"0":11,"1":10,"2":14,"3":12,"4":12,"5":17,"6":4352,"7":15,"8":136,"9":5,"10":1146,"11":2,"12":8,"13":26}}
}
