<?xml version="1.0" encoding="UTF-8"?>
<coverage generated="1701591981413" clover="3.2.0">
  <project timestamp="1701591981413" name="All files">
    <metrics statements="70" coveredstatements="70" conditionals="35" coveredconditionals="35" methods="7" coveredmethods="7" elements="112" coveredelements="112" complexity="0" loc="70" ncloc="70" packages="1" files="1" classes="1"/>
    <file name="index.ts" path="/Users/rafael/personal/games/packages/tic-tac-toe/src/index.ts">
      <metrics statements="70" coveredstatements="70" conditionals="35" coveredconditionals="35" methods="7" coveredmethods="7"/>
      <line num="1" count="1" type="stmt"/>
      <line num="2" count="1" type="stmt"/>
      <line num="3" count="1" type="stmt"/>
      <line num="4" count="1" type="stmt"/>
      <line num="5" count="1" type="stmt"/>
      <line num="6" count="1" type="stmt"/>
      <line num="7" count="1" type="stmt"/>
      <line num="8" count="1" type="stmt"/>
      <line num="9" count="1" type="stmt"/>
      <line num="10" count="1" type="stmt"/>
      <line num="11" count="1" type="stmt"/>
      <line num="12" count="1" type="stmt"/>
      <line num="13" count="1" type="stmt"/>
      <line num="14" count="1" type="cond" truecount="1" falsecount="0"/>
      <line num="15" count="14" type="stmt"/>
      <line num="16" count="14" type="stmt"/>
      <line num="17" count="14" type="stmt"/>
      <line num="18" count="14" type="stmt"/>
      <line num="19" count="14" type="stmt"/>
      <line num="20" count="1" type="stmt"/>
      <line num="21" count="1" type="stmt"/>
      <line num="22" count="1" type="stmt"/>
      <line num="23" count="1" type="stmt"/>
      <line num="24" count="1" type="stmt"/>
      <line num="25" count="1" type="cond" truecount="1" falsecount="0"/>
      <line num="26" count="14" type="stmt"/>
      <line num="27" count="14" type="stmt"/>
      <line num="28" count="14" type="stmt"/>
      <line num="29" count="1" type="stmt"/>
      <line num="30" count="1" type="cond" truecount="1" falsecount="0"/>
      <line num="31" count="30" type="stmt"/>
      <line num="32" count="30" type="stmt"/>
      <line num="33" count="30" type="cond" truecount="2" falsecount="0"/>
      <line num="34" count="30" type="cond" truecount="1" falsecount="0"/>
      <line num="35" count="3" type="stmt"/>
      <line num="36" count="3" type="cond" truecount="1" falsecount="0"/>
      <line num="37" count="30" type="cond" truecount="1" falsecount="0"/>
      <line num="38" count="4" type="stmt"/>
      <line num="39" count="30" type="cond" truecount="2" falsecount="0"/>
      <line num="40" count="1" type="stmt"/>
      <line num="41" count="1" type="cond" truecount="1" falsecount="0"/>
      <line num="42" count="22" type="stmt"/>
      <line num="43" count="22" type="stmt"/>
      <line num="44" count="1" type="stmt"/>
      <line num="45" count="1" type="cond" truecount="1" falsecount="0"/>
      <line num="46" count="30" type="cond" truecount="2" falsecount="0"/>
      <line num="47" count="27" type="stmt"/>
      <line num="48" count="27" type="stmt"/>
      <line num="49" count="1" type="stmt"/>
      <line num="50" count="1" type="cond" truecount="1" falsecount="0"/>
      <line num="51" count="27" type="stmt"/>
      <line num="52" count="27" type="cond" truecount="1" falsecount="0"/>
      <line num="53" count="79" type="cond" truecount="3" falsecount="0"/>
      <line num="54" count="79" type="cond" truecount="1" falsecount="0"/>
      <line num="55" count="26" type="stmt"/>
      <line num="56" count="27" type="cond" truecount="1" falsecount="0"/>
      <line num="57" count="76" type="cond" truecount="3" falsecount="0"/>
      <line num="58" count="76" type="cond" truecount="1" falsecount="0"/>
      <line num="59" count="25" type="stmt"/>
      <line num="60" count="27" type="cond" truecount="4" falsecount="0"/>
      <line num="61" count="27" type="cond" truecount="4" falsecount="0"/>
      <line num="62" count="23" type="stmt"/>
      <line num="63" count="23" type="stmt"/>
      <line num="64" count="23" type="stmt"/>
      <line num="65" count="1" type="stmt"/>
      <line num="66" count="1" type="cond" truecount="1" falsecount="0"/>
      <line num="67" count="23" type="stmt"/>
      <line num="68" count="23" type="stmt"/>
      <line num="69" count="1" type="stmt"/>
      <line num="70" count="1" type="cond" truecount="1" falsecount="0"/>
    </file>
  </project>
</coverage>
