<?xml version="1.0" encoding="UTF-8"?>
<coverage generated="1701592209073" clover="3.2.0">
  <project timestamp="1701592209073" name="All files">
    <metrics statements="71" coveredstatements="71" conditionals="40" coveredconditionals="40" methods="7" coveredmethods="7" elements="118" coveredelements="118" complexity="0" loc="71" ncloc="71" packages="1" files="1" classes="1"/>
    <file name="index.ts" path="/Users/rafael/personal/games/packages/tic-tac-toe/src/index.ts">
      <metrics statements="71" coveredstatements="71" conditionals="40" coveredconditionals="40" methods="7" coveredmethods="7"/>
      <line num="1" count="1" type="stmt"/>
      <line num="2" count="1" type="stmt"/>
      <line num="3" count="1" type="stmt"/>
      <line num="4" count="1" type="stmt"/>
      <line num="5" count="1" type="stmt"/>
      <line num="6" count="1" type="stmt"/>
      <line num="7" count="1" type="stmt"/>
      <line num="8" count="1" type="stmt"/>
      <line num="9" count="1" type="stmt"/>
      <line num="10" count="1" type="stmt"/>
      <line num="11" count="1" type="stmt"/>
      <line num="12" count="1" type="stmt"/>
      <line num="13" count="1" type="stmt"/>
      <line num="14" count="1" type="cond" truecount="1" falsecount="0"/>
      <line num="15" count="26" type="stmt"/>
      <line num="16" count="26" type="stmt"/>
      <line num="17" count="26" type="stmt"/>
      <line num="18" count="26" type="stmt"/>
      <line num="19" count="26" type="stmt"/>
      <line num="20" count="1" type="stmt"/>
      <line num="21" count="1" type="stmt"/>
      <line num="22" count="1" type="stmt"/>
      <line num="23" count="1" type="stmt"/>
      <line num="24" count="1" type="stmt"/>
      <line num="25" count="1" type="cond" truecount="1" falsecount="0"/>
      <line num="26" count="26" type="stmt"/>
      <line num="27" count="26" type="stmt"/>
      <line num="28" count="26" type="stmt"/>
      <line num="29" count="1" type="stmt"/>
      <line num="30" count="1" type="cond" truecount="1" falsecount="0"/>
      <line num="31" count="46" type="stmt"/>
      <line num="32" count="46" type="stmt"/>
      <line num="33" count="46" type="cond" truecount="2" falsecount="0"/>
      <line num="34" count="46" type="cond" truecount="1" falsecount="0"/>
      <line num="35" count="7" type="stmt"/>
      <line num="36" count="7" type="cond" truecount="1" falsecount="0"/>
      <line num="37" count="46" type="cond" truecount="1" falsecount="0"/>
      <line num="38" count="4" type="stmt"/>
      <line num="39" count="46" type="cond" truecount="2" falsecount="0"/>
      <line num="40" count="1" type="stmt"/>
      <line num="41" count="1" type="cond" truecount="1" falsecount="0"/>
      <line num="42" count="34" type="stmt"/>
      <line num="43" count="34" type="stmt"/>
      <line num="44" count="1" type="stmt"/>
      <line num="45" count="1" type="cond" truecount="1" falsecount="0"/>
      <line num="46" count="46" type="cond" truecount="5" falsecount="0"/>
      <line num="47" count="46" type="cond" truecount="2" falsecount="0"/>
      <line num="48" count="39" type="stmt"/>
      <line num="49" count="39" type="stmt"/>
      <line num="50" count="1" type="stmt"/>
      <line num="51" count="1" type="cond" truecount="1" falsecount="0"/>
      <line num="52" count="39" type="stmt"/>
      <line num="53" count="39" type="cond" truecount="1" falsecount="0"/>
      <line num="54" count="115" type="cond" truecount="3" falsecount="0"/>
      <line num="55" count="115" type="cond" truecount="1" falsecount="0"/>
      <line num="56" count="38" type="stmt"/>
      <line num="57" count="39" type="cond" truecount="1" falsecount="0"/>
      <line num="58" count="112" type="cond" truecount="3" falsecount="0"/>
      <line num="59" count="112" type="cond" truecount="1" falsecount="0"/>
      <line num="60" count="37" type="stmt"/>
      <line num="61" count="39" type="cond" truecount="4" falsecount="0"/>
      <line num="62" count="39" type="cond" truecount="4" falsecount="0"/>
      <line num="63" count="35" type="stmt"/>
      <line num="64" count="35" type="stmt"/>
      <line num="65" count="35" type="stmt"/>
      <line num="66" count="1" type="stmt"/>
      <line num="67" count="1" type="cond" truecount="1" falsecount="0"/>
      <line num="68" count="35" type="stmt"/>
      <line num="69" count="35" type="stmt"/>
      <line num="70" count="1" type="stmt"/>
      <line num="71" count="1" type="cond" truecount="1" falsecount="0"/>
    </file>
  </project>
</coverage>
