{"/Users/rafael/personal/games/packages/tic-tac-toe/src/index.ts": {"path":"/Users/rafael/personal/games/packages/tic-tac-toe/src/index.ts","all":false,"statementMap":{"0":{"start":{"line":1,"column":0},"end":{"line":1,"column":20}},"1":{"start":{"line":2,"column":0},"end":{"line":2,"column":0}},"2":{"start":{"line":3,"column":0},"end":{"line":3,"column":20}},"3":{"start":{"line":4,"column":0},"end":{"line":4,"column":12}},"4":{"start":{"line":5,"column":0},"end":{"line":5,"column":12}},"5":{"start":{"line":6,"column":0},"end":{"line":6,"column":2}},"6":{"start":{"line":7,"column":0},"end":{"line":7,"column":0}},"7":{"start":{"line":8,"column":0},"end":{"line":8,"column":31}},"8":{"start":{"line":9,"column":0},"end":{"line":9,"column":20}},"9":{"start":{"line":10,"column":0},"end":{"line":10,"column":21}},"10":{"start":{"line":11,"column":0},"end":{"line":11,"column":14}},"11":{"start":{"line":12,"column":0},"end":{"line":12,"column":1}},"12":{"start":{"line":13,"column":0},"end":{"line":13,"column":0}},"13":{"start":{"line":14,"column":0},"end":{"line":14,"column":24}},"14":{"start":{"line":15,"column":0},"end":{"line":15,"column":14}},"15":{"start":{"line":16,"column":0},"end":{"line":16,"column":19}},"16":{"start":{"line":17,"column":0},"end":{"line":17,"column":19}},"17":{"start":{"line":18,"column":0},"end":{"line":18,"column":19}},"18":{"start":{"line":19,"column":0},"end":{"line":19,"column":2}},"19":{"start":{"line":20,"column":0},"end":{"line":20,"column":0}},"20":{"start":{"line":21,"column":0},"end":{"line":21,"column":13}},"21":{"start":{"line":22,"column":0},"end":{"line":22,"column":21}},"22":{"start":{"line":23,"column":0},"end":{"line":23,"column":27}},"23":{"start":{"line":24,"column":0},"end":{"line":24,"column":0}},"24":{"start":{"line":25,"column":0},"end":{"line":25,"column":45}},"25":{"start":{"line":26,"column":0},"end":{"line":26,"column":20}},"26":{"start":{"line":27,"column":0},"end":{"line":27,"column":55}},"27":{"start":{"line":28,"column":0},"end":{"line":28,"column":2}},"28":{"start":{"line":29,"column":0},"end":{"line":29,"column":0}},"29":{"start":{"line":30,"column":0},"end":{"line":30,"column":84}},"30":{"start":{"line":31,"column":0},"end":{"line":31,"column":7}},"31":{"start":{"line":32,"column":0},"end":{"line":32,"column":36}},"32":{"start":{"line":33,"column":0},"end":{"line":33,"column":38}},"33":{"start":{"line":34,"column":0},"end":{"line":34,"column":15}},"34":{"start":{"line":35,"column":0},"end":{"line":35,"column":73}},"35":{"start":{"line":36,"column":0},"end":{"line":36,"column":3}},"36":{"start":{"line":37,"column":0},"end":{"line":37,"column":29}},"37":{"start":{"line":38,"column":0},"end":{"line":38,"column":65}},"38":{"start":{"line":39,"column":0},"end":{"line":39,"column":28}},"39":{"start":{"line":40,"column":0},"end":{"line":40,"column":45}},"40":{"start":{"line":41,"column":0},"end":{"line":41,"column":3}},"41":{"start":{"line":42,"column":0},"end":{"line":42,"column":38}},"42":{"start":{"line":43,"column":0},"end":{"line":43,"column":2}},"43":{"start":{"line":44,"column":0},"end":{"line":44,"column":0}},"44":{"start":{"line":45,"column":0},"end":{"line":45,"column":66}},"45":{"start":{"line":46,"column":0},"end":{"line":46,"column":113}},"46":{"start":{"line":47,"column":0},"end":{"line":47,"column":93}},"47":{"start":{"line":48,"column":0},"end":{"line":48,"column":22}},"48":{"start":{"line":49,"column":0},"end":{"line":49,"column":2}},"49":{"start":{"line":50,"column":0},"end":{"line":50,"column":0}},"50":{"start":{"line":51,"column":0},"end":{"line":51,"column":34}},"51":{"start":{"line":52,"column":0},"end":{"line":52,"column":9}},"52":{"start":{"line":53,"column":0},"end":{"line":53,"column":27}},"53":{"start":{"line":54,"column":0},"end":{"line":54,"column":76}},"54":{"start":{"line":55,"column":0},"end":{"line":55,"column":3}},"55":{"start":{"line":56,"column":0},"end":{"line":56,"column":12}},"56":{"start":{"line":57,"column":0},"end":{"line":57,"column":31}},"57":{"start":{"line":58,"column":0},"end":{"line":58,"column":96}},"58":{"start":{"line":59,"column":0},"end":{"line":59,"column":3}},"59":{"start":{"line":60,"column":0},"end":{"line":60,"column":14}},"60":{"start":{"line":61,"column":0},"end":{"line":61,"column":94}},"61":{"start":{"line":62,"column":0},"end":{"line":62,"column":94}},"62":{"start":{"line":63,"column":0},"end":{"line":63,"column":0}},"63":{"start":{"line":64,"column":0},"end":{"line":64,"column":15}},"64":{"start":{"line":65,"column":0},"end":{"line":65,"column":2}},"65":{"start":{"line":66,"column":0},"end":{"line":66,"column":0}},"66":{"start":{"line":67,"column":0},"end":{"line":67,"column":26}},"67":{"start":{"line":68,"column":0},"end":{"line":68,"column":34}},"68":{"start":{"line":69,"column":0},"end":{"line":69,"column":2}},"69":{"start":{"line":70,"column":0},"end":{"line":70,"column":0}},"70":{"start":{"line":71,"column":0},"end":{"line":71,"column":82}}},"s":{"0":1,"1":1,"2":1,"3":1,"4":1,"5":1,"6":1,"7":1,"8":1,"9":1,"10":1,"11":1,"12":1,"13":1,"14":26,"15":26,"16":26,"17":26,"18":26,"19":1,"20":1,"21":1,"22":1,"23":1,"24":1,"25":26,"26":26,"27":26,"28":1,"29":1,"30":46,"31":46,"32":46,"33":46,"34":7,"35":7,"36":46,"37":4,"38":46,"39":1,"40":1,"41":34,"42":34,"43":1,"44":1,"45":46,"46":46,"47":39,"48":39,"49":1,"50":1,"51":39,"52":39,"53":115,"54":115,"55":38,"56":39,"57":112,"58":112,"59":37,"60":39,"61":39,"62":35,"63":35,"64":35,"65":1,"66":1,"67":35,"68":35,"69":1,"70":1},"branchMap":{"0":{"type":"branch","line":14,"loc":{"start":{"line":14,"column":17},"end":{"line":19,"column":2}},"locations":[{"start":{"line":14,"column":17},"end":{"line":19,"column":2}}]},"1":{"type":"branch","line":25,"loc":{"start":{"line":25,"column":24},"end":{"line":28,"column":2}},"locations":[{"start":{"line":25,"column":24},"end":{"line":28,"column":2}}]},"2":{"type":"branch","line":30,"loc":{"start":{"line":30,"column":26},"end":{"line":43,"column":2}},"locations":[{"start":{"line":30,"column":26},"end":{"line":43,"column":2}}]},"3":{"type":"branch","line":33,"loc":{"start":{"line":33,"column":28},"end":{"line":33,"column":36}},"locations":[{"start":{"line":33,"column":28},"end":{"line":33,"column":36}}]},"4":{"type":"branch","line":33,"loc":{"start":{"line":33,"column":32},"end":{"line":33,"column":38}},"locations":[{"start":{"line":33,"column":32},"end":{"line":33,"column":38}}]},"5":{"type":"branch","line":34,"loc":{"start":{"line":34,"column":2},"end":{"line":36,"column":3}},"locations":[{"start":{"line":34,"column":2},"end":{"line":36,"column":3}}]},"6":{"type":"branch","line":36,"loc":{"start":{"line":36,"column":2},"end":{"line":37,"column":28}},"locations":[{"start":{"line":36,"column":2},"end":{"line":37,"column":28}}]},"7":{"type":"branch","line":37,"loc":{"start":{"line":37,"column":28},"end":{"line":39,"column":13}},"locations":[{"start":{"line":37,"column":28},"end":{"line":39,"column":13}}]},"8":{"type":"branch","line":39,"loc":{"start":{"line":39,"column":2},"end":{"line":41,"column":3}},"locations":[{"start":{"line":39,"column":2},"end":{"line":41,"column":3}}]},"9":{"type":"branch","line":39,"loc":{"start":{"line":39,"column":27},"end":{"line":41,"column":3}},"locations":[{"start":{"line":39,"column":27},"end":{"line":41,"column":3}}]},"10":{"type":"branch","line":41,"loc":{"start":{"line":41,"column":2},"end":{"line":43,"column":2}},"locations":[{"start":{"line":41,"column":2},"end":{"line":43,"column":2}}]},"11":{"type":"branch","line":45,"loc":{"start":{"line":45,"column":22},"end":{"line":49,"column":2}},"locations":[{"start":{"line":45,"column":22},"end":{"line":49,"column":2}}]},"12":{"type":"branch","line":46,"loc":{"start":{"line":46,"column":10},"end":{"line":46,"column":24}},"locations":[{"start":{"line":46,"column":10},"end":{"line":46,"column":24}}]},"13":{"type":"branch","line":46,"loc":{"start":{"line":46,"column":19},"end":{"line":46,"column":33}},"locations":[{"start":{"line":46,"column":19},"end":{"line":46,"column":33}}]},"14":{"type":"branch","line":46,"loc":{"start":{"line":46,"column":28},"end":{"line":46,"column":40}},"locations":[{"start":{"line":46,"column":28},"end":{"line":46,"column":40}}]},"15":{"type":"branch","line":46,"loc":{"start":{"line":46,"column":40},"end":{"line":46,"column":113}},"locations":[{"start":{"line":46,"column":40},"end":{"line":46,"column":113}}]},"16":{"type":"branch","line":46,"loc":{"start":{"line":46,"column":111},"end":{"line":47,"column":24}},"locations":[{"start":{"line":46,"column":111},"end":{"line":47,"column":24}}]},"17":{"type":"branch","line":47,"loc":{"start":{"line":47,"column":18},"end":{"line":47,"column":93}},"locations":[{"start":{"line":47,"column":18},"end":{"line":47,"column":93}}]},"18":{"type":"branch","line":47,"loc":{"start":{"line":47,"column":91},"end":{"line":49,"column":2}},"locations":[{"start":{"line":47,"column":91},"end":{"line":49,"column":2}}]},"19":{"type":"branch","line":51,"loc":{"start":{"line":51,"column":27},"end":{"line":65,"column":2}},"locations":[{"start":{"line":51,"column":27},"end":{"line":65,"column":2}}]},"20":{"type":"branch","line":53,"loc":{"start":{"line":53,"column":26},"end":{"line":55,"column":3}},"locations":[{"start":{"line":53,"column":26},"end":{"line":55,"column":3}}]},"21":{"type":"branch","line":54,"loc":{"start":{"line":54,"column":19},"end":{"line":54,"column":45}},"locations":[{"start":{"line":54,"column":19},"end":{"line":54,"column":45}}]},"22":{"type":"branch","line":54,"loc":{"start":{"line":54,"column":40},"end":{"line":54,"column":64}},"locations":[{"start":{"line":54,"column":40},"end":{"line":54,"column":64}}]},"23":{"type":"branch","line":54,"loc":{"start":{"line":54,"column":64},"end":{"line":54,"column":76}},"locations":[{"start":{"line":54,"column":64},"end":{"line":54,"column":76}}]},"24":{"type":"branch","line":55,"loc":{"start":{"line":55,"column":2},"end":{"line":57,"column":30}},"locations":[{"start":{"line":55,"column":2},"end":{"line":57,"column":30}}]},"25":{"type":"branch","line":57,"loc":{"start":{"line":57,"column":30},"end":{"line":59,"column":3}},"locations":[{"start":{"line":57,"column":30},"end":{"line":59,"column":3}}]},"26":{"type":"branch","line":58,"loc":{"start":{"line":58,"column":23},"end":{"line":58,"column":57}},"locations":[{"start":{"line":58,"column":23},"end":{"line":58,"column":57}}]},"27":{"type":"branch","line":58,"loc":{"start":{"line":58,"column":52},"end":{"line":58,"column":84}},"locations":[{"start":{"line":58,"column":52},"end":{"line":58,"column":84}}]},"28":{"type":"branch","line":58,"loc":{"start":{"line":58,"column":84},"end":{"line":58,"column":96}},"locations":[{"start":{"line":58,"column":84},"end":{"line":58,"column":96}}]},"29":{"type":"branch","line":59,"loc":{"start":{"line":59,"column":2},"end":{"line":61,"column":26}},"locations":[{"start":{"line":59,"column":2},"end":{"line":61,"column":26}}]},"30":{"type":"branch","line":61,"loc":{"start":{"line":61,"column":21},"end":{"line":61,"column":55}},"locations":[{"start":{"line":61,"column":21},"end":{"line":61,"column":55}}]},"31":{"type":"branch","line":61,"loc":{"start":{"line":61,"column":50},"end":{"line":61,"column":82}},"locations":[{"start":{"line":61,"column":50},"end":{"line":61,"column":82}}]},"32":{"type":"branch","line":61,"loc":{"start":{"line":61,"column":82},"end":{"line":61,"column":94}},"locations":[{"start":{"line":61,"column":82},"end":{"line":61,"column":94}}]},"33":{"type":"branch","line":61,"loc":{"start":{"line":61,"column":89},"end":{"line":62,"column":26}},"locations":[{"start":{"line":61,"column":89},"end":{"line":62,"column":26}}]},"34":{"type":"branch","line":62,"loc":{"start":{"line":62,"column":21},"end":{"line":62,"column":55}},"locations":[{"start":{"line":62,"column":21},"end":{"line":62,"column":55}}]},"35":{"type":"branch","line":62,"loc":{"start":{"line":62,"column":50},"end":{"line":62,"column":82}},"locations":[{"start":{"line":62,"column":50},"end":{"line":62,"column":82}}]},"36":{"type":"branch","line":62,"loc":{"start":{"line":62,"column":82},"end":{"line":62,"column":94}},"locations":[{"start":{"line":62,"column":82},"end":{"line":62,"column":94}}]},"37":{"type":"branch","line":62,"loc":{"start":{"line":62,"column":89},"end":{"line":65,"column":2}},"locations":[{"start":{"line":62,"column":89},"end":{"line":65,"column":2}}]},"38":{"type":"branch","line":67,"loc":{"start":{"line":67,"column":19},"end":{"line":69,"column":2}},"locations":[{"start":{"line":67,"column":19},"end":{"line":69,"column":2}}]},"39":{"type":"branch","line":71,"loc":{"start":{"line":71,"column":23},"end":{"line":71,"column":82}},"locations":[{"start":{"line":71,"column":23},"end":{"line":71,"column":82}}]}},"b":{"0":[26],"1":[26],"2":[46],"3":[35],"4":[4],"5":[7],"6":[39],"7":[4],"8":[35],"9":[1],"10":[34],"11":[46],"12":[45],"13":[44],"14":[43],"15":[4],"16":[42],"17":[3],"18":[39],"19":[39],"20":[115],"21":[49],"22":[2],"23":[1],"24":[38],"25":[112],"26":[54],"27":[6],"28":[1],"29":[37],"30":[34],"31":[7],"32":[1],"33":[36],"34":[4],"35":[1],"36":[1],"37":[35],"38":[35],"39":[72]},"fnMap":{"0":{"name":"initGrid","decl":{"start":{"line":14,"column":17},"end":{"line":19,"column":2}},"loc":{"start":{"line":14,"column":17},"end":{"line":19,"column":2}},"line":14},"1":{"name":"initGame","decl":{"start":{"line":25,"column":24},"end":{"line":28,"column":2}},"loc":{"start":{"line":25,"column":24},"end":{"line":28,"column":2}},"line":25},"2":{"name":"playerMove","decl":{"start":{"line":30,"column":26},"end":{"line":43,"column":2}},"loc":{"start":{"line":30,"column":26},"end":{"line":43,"column":2}},"line":30},"3":{"name":"setMoveToGrid","decl":{"start":{"line":45,"column":22},"end":{"line":49,"column":2}},"loc":{"start":{"line":45,"column":22},"end":{"line":49,"column":2}},"line":45},"4":{"name":"hasWinningPosition","decl":{"start":{"line":51,"column":27},"end":{"line":65,"column":2}},"loc":{"start":{"line":51,"column":27},"end":{"line":65,"column":2}},"line":51},"5":{"name":"isGridFull","decl":{"start":{"line":67,"column":19},"end":{"line":69,"column":2}},"loc":{"start":{"line":67,"column":19},"end":{"line":69,"column":2}},"line":67},"6":{"name":"createResponse","decl":{"start":{"line":71,"column":23},"end":{"line":71,"column":82}},"loc":{"start":{"line":71,"column":23},"end":{"line":71,"column":82}},"line":71}},"f":{"0":26,"1":26,"2":46,"3":46,"4":39,"5":35,"6":72}}
}
