{"/Users/rafael/personal/games/packages/tic-tac-toe/src/index.ts": {"path":"/Users/rafael/personal/games/packages/tic-tac-toe/src/index.ts","all":false,"statementMap":{"0":{"start":{"line":1,"column":0},"end":{"line":1,"column":20}},"1":{"start":{"line":2,"column":0},"end":{"line":2,"column":0}},"2":{"start":{"line":3,"column":0},"end":{"line":3,"column":20}},"3":{"start":{"line":4,"column":0},"end":{"line":4,"column":12}},"4":{"start":{"line":5,"column":0},"end":{"line":5,"column":12}},"5":{"start":{"line":6,"column":0},"end":{"line":6,"column":2}},"6":{"start":{"line":7,"column":0},"end":{"line":7,"column":0}},"7":{"start":{"line":8,"column":0},"end":{"line":8,"column":31}},"8":{"start":{"line":9,"column":0},"end":{"line":9,"column":20}},"9":{"start":{"line":10,"column":0},"end":{"line":10,"column":21}},"10":{"start":{"line":11,"column":0},"end":{"line":11,"column":14}},"11":{"start":{"line":12,"column":0},"end":{"line":12,"column":1}},"12":{"start":{"line":13,"column":0},"end":{"line":13,"column":0}},"13":{"start":{"line":14,"column":0},"end":{"line":14,"column":24}},"14":{"start":{"line":15,"column":0},"end":{"line":15,"column":14}},"15":{"start":{"line":16,"column":0},"end":{"line":16,"column":19}},"16":{"start":{"line":17,"column":0},"end":{"line":17,"column":19}},"17":{"start":{"line":18,"column":0},"end":{"line":18,"column":19}},"18":{"start":{"line":19,"column":0},"end":{"line":19,"column":2}},"19":{"start":{"line":20,"column":0},"end":{"line":20,"column":0}},"20":{"start":{"line":21,"column":0},"end":{"line":21,"column":13}},"21":{"start":{"line":22,"column":0},"end":{"line":22,"column":21}},"22":{"start":{"line":23,"column":0},"end":{"line":23,"column":27}},"23":{"start":{"line":24,"column":0},"end":{"line":24,"column":0}},"24":{"start":{"line":25,"column":0},"end":{"line":25,"column":45}},"25":{"start":{"line":26,"column":0},"end":{"line":26,"column":20}},"26":{"start":{"line":27,"column":0},"end":{"line":27,"column":55}},"27":{"start":{"line":28,"column":0},"end":{"line":28,"column":2}},"28":{"start":{"line":29,"column":0},"end":{"line":29,"column":0}},"29":{"start":{"line":30,"column":0},"end":{"line":30,"column":84}},"30":{"start":{"line":31,"column":0},"end":{"line":31,"column":7}},"31":{"start":{"line":32,"column":0},"end":{"line":32,"column":36}},"32":{"start":{"line":33,"column":0},"end":{"line":33,"column":38}},"33":{"start":{"line":34,"column":0},"end":{"line":34,"column":15}},"34":{"start":{"line":35,"column":0},"end":{"line":35,"column":73}},"35":{"start":{"line":36,"column":0},"end":{"line":36,"column":3}},"36":{"start":{"line":37,"column":0},"end":{"line":37,"column":29}},"37":{"start":{"line":38,"column":0},"end":{"line":38,"column":65}},"38":{"start":{"line":39,"column":0},"end":{"line":39,"column":28}},"39":{"start":{"line":40,"column":0},"end":{"line":40,"column":45}},"40":{"start":{"line":41,"column":0},"end":{"line":41,"column":3}},"41":{"start":{"line":42,"column":0},"end":{"line":42,"column":38}},"42":{"start":{"line":43,"column":0},"end":{"line":43,"column":2}},"43":{"start":{"line":44,"column":0},"end":{"line":44,"column":0}},"44":{"start":{"line":45,"column":0},"end":{"line":45,"column":66}},"45":{"start":{"line":46,"column":0},"end":{"line":46,"column":93}},"46":{"start":{"line":47,"column":0},"end":{"line":47,"column":22}},"47":{"start":{"line":48,"column":0},"end":{"line":48,"column":2}},"48":{"start":{"line":49,"column":0},"end":{"line":49,"column":0}},"49":{"start":{"line":50,"column":0},"end":{"line":50,"column":34}},"50":{"start":{"line":51,"column":0},"end":{"line":51,"column":9}},"51":{"start":{"line":52,"column":0},"end":{"line":52,"column":27}},"52":{"start":{"line":53,"column":0},"end":{"line":53,"column":76}},"53":{"start":{"line":54,"column":0},"end":{"line":54,"column":3}},"54":{"start":{"line":55,"column":0},"end":{"line":55,"column":12}},"55":{"start":{"line":56,"column":0},"end":{"line":56,"column":31}},"56":{"start":{"line":57,"column":0},"end":{"line":57,"column":96}},"57":{"start":{"line":58,"column":0},"end":{"line":58,"column":3}},"58":{"start":{"line":59,"column":0},"end":{"line":59,"column":14}},"59":{"start":{"line":60,"column":0},"end":{"line":60,"column":94}},"60":{"start":{"line":61,"column":0},"end":{"line":61,"column":94}},"61":{"start":{"line":62,"column":0},"end":{"line":62,"column":0}},"62":{"start":{"line":63,"column":0},"end":{"line":63,"column":15}},"63":{"start":{"line":64,"column":0},"end":{"line":64,"column":2}},"64":{"start":{"line":65,"column":0},"end":{"line":65,"column":0}},"65":{"start":{"line":66,"column":0},"end":{"line":66,"column":26}},"66":{"start":{"line":67,"column":0},"end":{"line":67,"column":34}},"67":{"start":{"line":68,"column":0},"end":{"line":68,"column":2}},"68":{"start":{"line":69,"column":0},"end":{"line":69,"column":0}},"69":{"start":{"line":70,"column":0},"end":{"line":70,"column":82}}},"s":{"0":1,"1":1,"2":1,"3":1,"4":1,"5":1,"6":1,"7":1,"8":1,"9":1,"10":1,"11":1,"12":1,"13":1,"14":14,"15":14,"16":14,"17":14,"18":14,"19":1,"20":1,"21":1,"22":1,"23":1,"24":1,"25":14,"26":14,"27":14,"28":1,"29":1,"30":30,"31":30,"32":30,"33":30,"34":3,"35":3,"36":30,"37":4,"38":30,"39":1,"40":1,"41":22,"42":22,"43":1,"44":1,"45":30,"46":27,"47":27,"48":1,"49":1,"50":27,"51":27,"52":79,"53":79,"54":26,"55":27,"56":76,"57":76,"58":25,"59":27,"60":27,"61":23,"62":23,"63":23,"64":1,"65":1,"66":23,"67":23,"68":1,"69":1},"branchMap":{"0":{"type":"branch","line":14,"loc":{"start":{"line":14,"column":17},"end":{"line":19,"column":2}},"locations":[{"start":{"line":14,"column":17},"end":{"line":19,"column":2}}]},"1":{"type":"branch","line":25,"loc":{"start":{"line":25,"column":24},"end":{"line":28,"column":2}},"locations":[{"start":{"line":25,"column":24},"end":{"line":28,"column":2}}]},"2":{"type":"branch","line":30,"loc":{"start":{"line":30,"column":26},"end":{"line":43,"column":2}},"locations":[{"start":{"line":30,"column":26},"end":{"line":43,"column":2}}]},"3":{"type":"branch","line":33,"loc":{"start":{"line":33,"column":28},"end":{"line":33,"column":36}},"locations":[{"start":{"line":33,"column":28},"end":{"line":33,"column":36}}]},"4":{"type":"branch","line":33,"loc":{"start":{"line":33,"column":32},"end":{"line":33,"column":38}},"locations":[{"start":{"line":33,"column":32},"end":{"line":33,"column":38}}]},"5":{"type":"branch","line":34,"loc":{"start":{"line":34,"column":2},"end":{"line":36,"column":3}},"locations":[{"start":{"line":34,"column":2},"end":{"line":36,"column":3}}]},"6":{"type":"branch","line":36,"loc":{"start":{"line":36,"column":2},"end":{"line":37,"column":28}},"locations":[{"start":{"line":36,"column":2},"end":{"line":37,"column":28}}]},"7":{"type":"branch","line":37,"loc":{"start":{"line":37,"column":28},"end":{"line":39,"column":13}},"locations":[{"start":{"line":37,"column":28},"end":{"line":39,"column":13}}]},"8":{"type":"branch","line":39,"loc":{"start":{"line":39,"column":2},"end":{"line":41,"column":3}},"locations":[{"start":{"line":39,"column":2},"end":{"line":41,"column":3}}]},"9":{"type":"branch","line":39,"loc":{"start":{"line":39,"column":27},"end":{"line":41,"column":3}},"locations":[{"start":{"line":39,"column":27},"end":{"line":41,"column":3}}]},"10":{"type":"branch","line":41,"loc":{"start":{"line":41,"column":2},"end":{"line":43,"column":2}},"locations":[{"start":{"line":41,"column":2},"end":{"line":43,"column":2}}]},"11":{"type":"branch","line":45,"loc":{"start":{"line":45,"column":22},"end":{"line":48,"column":2}},"locations":[{"start":{"line":45,"column":22},"end":{"line":48,"column":2}}]},"12":{"type":"branch","line":46,"loc":{"start":{"line":46,"column":18},"end":{"line":46,"column":93}},"locations":[{"start":{"line":46,"column":18},"end":{"line":46,"column":93}}]},"13":{"type":"branch","line":46,"loc":{"start":{"line":46,"column":91},"end":{"line":48,"column":2}},"locations":[{"start":{"line":46,"column":91},"end":{"line":48,"column":2}}]},"14":{"type":"branch","line":50,"loc":{"start":{"line":50,"column":27},"end":{"line":64,"column":2}},"locations":[{"start":{"line":50,"column":27},"end":{"line":64,"column":2}}]},"15":{"type":"branch","line":52,"loc":{"start":{"line":52,"column":26},"end":{"line":54,"column":3}},"locations":[{"start":{"line":52,"column":26},"end":{"line":54,"column":3}}]},"16":{"type":"branch","line":53,"loc":{"start":{"line":53,"column":19},"end":{"line":53,"column":45}},"locations":[{"start":{"line":53,"column":19},"end":{"line":53,"column":45}}]},"17":{"type":"branch","line":53,"loc":{"start":{"line":53,"column":40},"end":{"line":53,"column":64}},"locations":[{"start":{"line":53,"column":40},"end":{"line":53,"column":64}}]},"18":{"type":"branch","line":53,"loc":{"start":{"line":53,"column":64},"end":{"line":53,"column":76}},"locations":[{"start":{"line":53,"column":64},"end":{"line":53,"column":76}}]},"19":{"type":"branch","line":54,"loc":{"start":{"line":54,"column":2},"end":{"line":56,"column":30}},"locations":[{"start":{"line":54,"column":2},"end":{"line":56,"column":30}}]},"20":{"type":"branch","line":56,"loc":{"start":{"line":56,"column":30},"end":{"line":58,"column":3}},"locations":[{"start":{"line":56,"column":30},"end":{"line":58,"column":3}}]},"21":{"type":"branch","line":57,"loc":{"start":{"line":57,"column":23},"end":{"line":57,"column":57}},"locations":[{"start":{"line":57,"column":23},"end":{"line":57,"column":57}}]},"22":{"type":"branch","line":57,"loc":{"start":{"line":57,"column":52},"end":{"line":57,"column":84}},"locations":[{"start":{"line":57,"column":52},"end":{"line":57,"column":84}}]},"23":{"type":"branch","line":57,"loc":{"start":{"line":57,"column":84},"end":{"line":57,"column":96}},"locations":[{"start":{"line":57,"column":84},"end":{"line":57,"column":96}}]},"24":{"type":"branch","line":58,"loc":{"start":{"line":58,"column":2},"end":{"line":60,"column":26}},"locations":[{"start":{"line":58,"column":2},"end":{"line":60,"column":26}}]},"25":{"type":"branch","line":60,"loc":{"start":{"line":60,"column":21},"end":{"line":60,"column":55}},"locations":[{"start":{"line":60,"column":21},"end":{"line":60,"column":55}}]},"26":{"type":"branch","line":60,"loc":{"start":{"line":60,"column":50},"end":{"line":60,"column":82}},"locations":[{"start":{"line":60,"column":50},"end":{"line":60,"column":82}}]},"27":{"type":"branch","line":60,"loc":{"start":{"line":60,"column":82},"end":{"line":60,"column":94}},"locations":[{"start":{"line":60,"column":82},"end":{"line":60,"column":94}}]},"28":{"type":"branch","line":60,"loc":{"start":{"line":60,"column":89},"end":{"line":61,"column":26}},"locations":[{"start":{"line":60,"column":89},"end":{"line":61,"column":26}}]},"29":{"type":"branch","line":61,"loc":{"start":{"line":61,"column":21},"end":{"line":61,"column":55}},"locations":[{"start":{"line":61,"column":21},"end":{"line":61,"column":55}}]},"30":{"type":"branch","line":61,"loc":{"start":{"line":61,"column":50},"end":{"line":61,"column":82}},"locations":[{"start":{"line":61,"column":50},"end":{"line":61,"column":82}}]},"31":{"type":"branch","line":61,"loc":{"start":{"line":61,"column":82},"end":{"line":61,"column":94}},"locations":[{"start":{"line":61,"column":82},"end":{"line":61,"column":94}}]},"32":{"type":"branch","line":61,"loc":{"start":{"line":61,"column":89},"end":{"line":64,"column":2}},"locations":[{"start":{"line":61,"column":89},"end":{"line":64,"column":2}}]},"33":{"type":"branch","line":66,"loc":{"start":{"line":66,"column":19},"end":{"line":68,"column":2}},"locations":[{"start":{"line":66,"column":19},"end":{"line":68,"column":2}}]},"34":{"type":"branch","line":70,"loc":{"start":{"line":70,"column":23},"end":{"line":70,"column":82}},"locations":[{"start":{"line":70,"column":23},"end":{"line":70,"column":82}}]}},"b":{"0":[14],"1":[14],"2":[30],"3":[23],"4":[4],"5":[3],"6":[27],"7":[4],"8":[23],"9":[1],"10":[22],"11":[30],"12":[3],"13":[27],"14":[27],"15":[79],"16":[37],"17":[2],"18":[1],"19":[26],"20":[76],"21":[42],"22":[6],"23":[1],"24":[25],"25":[22],"26":[7],"27":[1],"28":[24],"29":[4],"30":[1],"31":[1],"32":[23],"33":[23],"34":[44]},"fnMap":{"0":{"name":"initGrid","decl":{"start":{"line":14,"column":17},"end":{"line":19,"column":2}},"loc":{"start":{"line":14,"column":17},"end":{"line":19,"column":2}},"line":14},"1":{"name":"initGame","decl":{"start":{"line":25,"column":24},"end":{"line":28,"column":2}},"loc":{"start":{"line":25,"column":24},"end":{"line":28,"column":2}},"line":25},"2":{"name":"playerMove","decl":{"start":{"line":30,"column":26},"end":{"line":43,"column":2}},"loc":{"start":{"line":30,"column":26},"end":{"line":43,"column":2}},"line":30},"3":{"name":"setMoveToGrid","decl":{"start":{"line":45,"column":22},"end":{"line":48,"column":2}},"loc":{"start":{"line":45,"column":22},"end":{"line":48,"column":2}},"line":45},"4":{"name":"hasWinningPosition","decl":{"start":{"line":50,"column":27},"end":{"line":64,"column":2}},"loc":{"start":{"line":50,"column":27},"end":{"line":64,"column":2}},"line":50},"5":{"name":"isGridFull","decl":{"start":{"line":66,"column":19},"end":{"line":68,"column":2}},"loc":{"start":{"line":66,"column":19},"end":{"line":68,"column":2}},"line":66},"6":{"name":"createResponse","decl":{"start":{"line":70,"column":23},"end":{"line":70,"column":82}},"loc":{"start":{"line":70,"column":23},"end":{"line":70,"column":82}},"line":70}},"f":{"0":14,"1":14,"2":30,"3":30,"4":27,"5":23,"6":44}}
}
